2020-07-26 17:12:33,324 INFO com.mentor.budget.app.BudgetManagerServiceApplication [main] Starting BudgetManagerServiceApplication on yudhie with PID 17160 (A:\Code\mentor\Budget-Manager-Service\target\classes started by yudhie in A:\Code\mentor\Budget-Manager-Service)
2020-07-26 17:12:33,349 DEBUG com.mentor.budget.app.BudgetManagerServiceApplication [main] Running with Spring Boot v2.2.9.RELEASE, Spring v5.2.8.RELEASE
2020-07-26 17:12:33,349 INFO com.mentor.budget.app.BudgetManagerServiceApplication [main] No active profile set, falling back to default profiles: default
2020-07-26 17:12:40,586 INFO org.apache.catalina.core.StandardService [main] Starting service [Tomcat]
2020-07-26 17:12:40,587 INFO org.apache.catalina.core.StandardEngine [main] Starting Servlet engine: [Apache Tomcat/9.0.37]
2020-07-26 17:12:40,868 INFO org.apache.catalina.core.ContainerBase.[Tomcat].[localhost].[/] [main] Initializing Spring embedded WebApplicationContext
2020-07-26 17:12:44,135 INFO com.mentor.budget.app.BudgetManagerServiceApplication [main] Started BudgetManagerServiceApplication in 12.528 seconds (JVM running for 14.744)
2020-07-26 17:12:44,467 INFO com.mentor.budget.app.BudgetManagerServiceApplication [main] BUDGET-MANAGER-SERVICE STARTED
2020-07-26 17:13:09,250 INFO org.apache.catalina.core.ContainerBase.[Tomcat].[localhost].[/] [http-nio-0.0.0.0-8081-exec-10] Initializing Spring DispatcherServlet 'dispatcherServlet'
2020-07-26 17:20:08,020 INFO com.mentor.budget.app.BudgetManagerServiceApplicationTests [main] Starting BudgetManagerServiceApplicationTests on yudhie with PID 7000 (started by yudhie in A:\Code\mentor\Budget-Manager-Service)
2020-07-26 17:20:08,022 DEBUG com.mentor.budget.app.BudgetManagerServiceApplicationTests [main] Running with Spring Boot v2.2.9.RELEASE, Spring v5.2.8.RELEASE
2020-07-26 17:20:08,024 INFO com.mentor.budget.app.BudgetManagerServiceApplicationTests [main] No active profile set, falling back to default profiles: default
2020-07-26 17:20:13,125 INFO com.mentor.budget.app.BudgetManagerServiceApplicationTests [main] Started BudgetManagerServiceApplicationTests in 6.16 seconds (JVM running for 14.443)
2020-07-26 17:22:41,098 INFO com.mentor.budget.app.BudgetManagerServiceApplication [main] Starting BudgetManagerServiceApplication on yudhie with PID 5716 (A:\Code\mentor\Budget-Manager-Service\target\classes started by yudhie in A:\Code\mentor\Budget-Manager-Service)
2020-07-26 17:22:41,105 DEBUG com.mentor.budget.app.BudgetManagerServiceApplication [main] Running with Spring Boot v2.2.9.RELEASE, Spring v5.2.8.RELEASE
2020-07-26 17:22:41,106 INFO com.mentor.budget.app.BudgetManagerServiceApplication [main] No active profile set, falling back to default profiles: default
2020-07-26 17:22:46,083 INFO org.apache.catalina.core.StandardService [main] Starting service [Tomcat]
2020-07-26 17:22:46,085 INFO org.apache.catalina.core.StandardEngine [main] Starting Servlet engine: [Apache Tomcat/9.0.37]
2020-07-26 17:22:46,867 INFO org.apache.catalina.core.ContainerBase.[Tomcat].[localhost].[/] [main] Initializing Spring embedded WebApplicationContext
2020-07-26 17:22:50,232 INFO com.mentor.budget.app.BudgetManagerServiceApplication [main] Started BudgetManagerServiceApplication in 10.722 seconds (JVM running for 14.454)
2020-07-26 17:22:50,506 INFO com.mentor.budget.app.BudgetManagerServiceApplication [main] BUDGET-MANAGER-SERVICE STARTED
2020-07-26 17:23:10,223 INFO org.apache.catalina.core.ContainerBase.[Tomcat].[localhost].[/] [http-nio-0.0.0.0-8081-exec-2] Initializing Spring DispatcherServlet 'dispatcherServlet'
2020-07-26 17:25:02,976 INFO com.mentor.budget.app.BudgetManagerServiceApplication [main] Starting BudgetManagerServiceApplication on yudhie with PID 1424 (A:\Code\mentor\Budget-Manager-Service\target\classes started by yudhie in A:\Code\mentor\Budget-Manager-Service)
2020-07-26 17:25:02,983 DEBUG com.mentor.budget.app.BudgetManagerServiceApplication [main] Running with Spring Boot v2.2.9.RELEASE, Spring v5.2.8.RELEASE
2020-07-26 17:25:02,984 INFO com.mentor.budget.app.BudgetManagerServiceApplication [main] No active profile set, falling back to default profiles: default
2020-07-26 17:25:08,326 INFO org.apache.catalina.core.StandardService [main] Starting service [Tomcat]
2020-07-26 17:25:08,327 INFO org.apache.catalina.core.StandardEngine [main] Starting Servlet engine: [Apache Tomcat/9.0.37]
2020-07-26 17:25:08,539 INFO org.apache.catalina.core.ContainerBase.[Tomcat].[localhost].[/] [main] Initializing Spring embedded WebApplicationContext
2020-07-26 17:25:10,216 INFO com.mentor.budget.app.BudgetManagerServiceApplication [main] Started BudgetManagerServiceApplication in 8.793 seconds (JVM running for 12.905)
2020-07-26 17:25:10,452 INFO com.mentor.budget.app.BudgetManagerServiceApplication [main] BUDGET-MANAGER-SERVICE STARTED
2020-07-26 17:26:19,126 INFO org.apache.catalina.core.ContainerBase.[Tomcat].[localhost].[/] [http-nio-0.0.0.0-8082-exec-2] Initializing Spring DispatcherServlet 'dispatcherServlet'
2020-07-26 17:27:42,075 INFO com.mentor.budget.app.BudgetManagerServiceApplication [main] Starting BudgetManagerServiceApplication on yudhie with PID 13060 (A:\Code\mentor\Budget-Manager-Service\target\classes started by yudhie in A:\Code\mentor\Budget-Manager-Service)
2020-07-26 17:27:42,112 DEBUG com.mentor.budget.app.BudgetManagerServiceApplication [main] Running with Spring Boot v2.2.9.RELEASE, Spring v5.2.8.RELEASE
2020-07-26 17:27:42,115 INFO com.mentor.budget.app.BudgetManagerServiceApplication [main] No active profile set, falling back to default profiles: default
2020-07-26 17:27:46,307 INFO org.apache.catalina.core.StandardService [main] Starting service [Tomcat]
2020-07-26 17:27:46,308 INFO org.apache.catalina.core.StandardEngine [main] Starting Servlet engine: [Apache Tomcat/9.0.37]
2020-07-26 17:27:46,909 INFO org.apache.catalina.core.ContainerBase.[Tomcat].[localhost].[/] [main] Initializing Spring embedded WebApplicationContext
2020-07-26 17:27:50,712 INFO com.mentor.budget.app.BudgetManagerServiceApplication [main] Started BudgetManagerServiceApplication in 9.858 seconds (JVM running for 12.902)
2020-07-26 17:27:50,998 INFO com.mentor.budget.app.BudgetManagerServiceApplication [main] BUDGET-MANAGER-SERVICE STARTED
2020-07-26 17:29:30,834 INFO com.mentor.budget.app.BudgetManagerServiceApplication [main] Starting BudgetManagerServiceApplication on yudhie with PID 5084 (A:\Code\mentor\Budget-Manager-Service\target\classes started by yudhie in A:\Code\mentor\Budget-Manager-Service)
2020-07-26 17:29:30,841 DEBUG com.mentor.budget.app.BudgetManagerServiceApplication [main] Running with Spring Boot v2.2.9.RELEASE, Spring v5.2.8.RELEASE
2020-07-26 17:29:30,842 INFO com.mentor.budget.app.BudgetManagerServiceApplication [main] No active profile set, falling back to default profiles: default
2020-07-26 17:29:35,661 INFO org.apache.catalina.core.StandardService [main] Starting service [Tomcat]
2020-07-26 17:29:35,662 INFO org.apache.catalina.core.StandardEngine [main] Starting Servlet engine: [Apache Tomcat/9.0.37]
2020-07-26 17:29:35,850 INFO org.apache.catalina.core.ContainerBase.[Tomcat].[localhost].[/] [main] Initializing Spring embedded WebApplicationContext
2020-07-26 17:29:37,777 INFO com.mentor.budget.app.BudgetManagerServiceApplication [main] Started BudgetManagerServiceApplication in 9.285 seconds (JVM running for 13.757)
2020-07-26 17:29:37,966 INFO com.mentor.budget.app.BudgetManagerServiceApplication [main] BUDGET-MANAGER-SERVICE STARTED
2020-07-26 17:32:53,947 INFO com.mentor.budget.app.BudgetManagerServiceApplication [main] Starting BudgetManagerServiceApplication on yudhie with PID 20216 (A:\Code\mentor\Budget-Manager-Service\target\classes started by yudhie in A:\Code\mentor\Budget-Manager-Service)
2020-07-26 17:32:53,954 DEBUG com.mentor.budget.app.BudgetManagerServiceApplication [main] Running with Spring Boot v2.2.9.RELEASE, Spring v5.2.8.RELEASE
2020-07-26 17:32:53,955 INFO com.mentor.budget.app.BudgetManagerServiceApplication [main] No active profile set, falling back to default profiles: default
2020-07-26 17:32:58,909 INFO org.springframework.boot.web.embedded.tomcat.TomcatWebServer [main] Tomcat initialized with port(s): 8081 (http)
2020-07-26 17:32:58,946 INFO org.apache.catalina.core.StandardService [main] Starting service [Tomcat]
2020-07-26 17:32:58,947 INFO org.apache.catalina.core.StandardEngine [main] Starting Servlet engine: [Apache Tomcat/9.0.37]
2020-07-26 17:32:59,236 INFO org.apache.catalina.core.ContainerBase.[Tomcat].[localhost].[/] [main] Initializing Spring embedded WebApplicationContext
2020-07-26 17:32:59,237 INFO org.springframework.boot.web.servlet.context.ServletWebServerApplicationContext [main] Root WebApplicationContext: initialization completed in 5036 ms
2020-07-26 17:33:00,178 INFO org.springframework.scheduling.concurrent.ThreadPoolTaskExecutor [main] Initializing ExecutorService 'applicationTaskExecutor'
2020-07-26 17:33:00,796 INFO org.springframework.boot.actuate.endpoint.web.EndpointLinksResolver [main] Exposing 2 endpoint(s) beneath base path '/actuator'
2020-07-26 17:33:01,045 INFO org.springframework.boot.web.embedded.tomcat.TomcatWebServer [main] Tomcat started on port(s): 8081 (http) with context path ''
2020-07-26 17:33:01,055 INFO com.mentor.budget.app.BudgetManagerServiceApplication [main] Started BudgetManagerServiceApplication in 8.554 seconds (JVM running for 10.545)
2020-07-26 17:33:01,257 INFO com.mentor.budget.app.BudgetManagerServiceApplication [main] BUDGET-MANAGER-SERVICE STARTED
2020-07-26 17:33:28,981 INFO org.apache.catalina.core.ContainerBase.[Tomcat].[localhost].[/] [http-nio-0.0.0.0-8081-exec-2] Initializing Spring DispatcherServlet 'dispatcherServlet'
2020-07-26 17:33:28,983 INFO org.springframework.web.servlet.DispatcherServlet [http-nio-0.0.0.0-8081-exec-2] Initializing Servlet 'dispatcherServlet'
2020-07-26 17:33:29,047 INFO org.springframework.web.servlet.DispatcherServlet [http-nio-0.0.0.0-8081-exec-2] Completed initialization in 64 ms
2020-07-26 17:34:28,577 INFO org.springframework.scheduling.concurrent.ThreadPoolTaskExecutor [SpringContextShutdownHook] Shutting down ExecutorService 'applicationTaskExecutor'
2020-07-26 17:49:20,147 INFO com.mentor.budget.app.BudgetManagerServiceApplication [main] Starting BudgetManagerServiceApplication on yudhie with PID 232 (A:\Code\mentor\Budget-Manager-Service\target\classes started by yudhie in A:\Code\mentor\Budget-Manager-Service)
2020-07-26 17:49:20,164 DEBUG com.mentor.budget.app.BudgetManagerServiceApplication [main] Running with Spring Boot v2.2.9.RELEASE, Spring v5.2.8.RELEASE
2020-07-26 17:49:20,166 INFO com.mentor.budget.app.BudgetManagerServiceApplication [main] No active profile set, falling back to default profiles: default
2020-07-26 17:49:24,770 INFO org.springframework.boot.web.embedded.tomcat.TomcatWebServer [main] Tomcat initialized with port(s): 8081 (http)
2020-07-26 17:49:24,793 INFO org.apache.catalina.core.StandardService [main] Starting service [Tomcat]
2020-07-26 17:49:24,794 INFO org.apache.catalina.core.StandardEngine [main] Starting Servlet engine: [Apache Tomcat/9.0.37]
2020-07-26 17:49:25,066 INFO org.apache.catalina.core.ContainerBase.[Tomcat].[localhost].[/] [main] Initializing Spring embedded WebApplicationContext
2020-07-26 17:49:25,067 INFO org.springframework.boot.web.servlet.context.ServletWebServerApplicationContext [main] Root WebApplicationContext: initialization completed in 4673 ms
2020-07-26 17:49:25,894 INFO org.springframework.scheduling.concurrent.ThreadPoolTaskExecutor [main] Initializing ExecutorService 'applicationTaskExecutor'
2020-07-26 17:49:26,537 INFO org.springframework.boot.actuate.endpoint.web.EndpointLinksResolver [main] Exposing 2 endpoint(s) beneath base path '/actuator'
2020-07-26 17:49:26,776 INFO org.springframework.boot.web.embedded.tomcat.TomcatWebServer [main] Tomcat started on port(s): 8081 (http) with context path ''
2020-07-26 17:49:26,790 INFO com.mentor.budget.app.BudgetManagerServiceApplication [main] Started BudgetManagerServiceApplication in 8.021 seconds (JVM running for 9.801)
2020-07-26 17:49:27,042 INFO com.mentor.budget.app.BudgetManagerServiceApplication [main] BUDGET-MANAGER-SERVICE STARTED
2020-07-26 17:49:44,813 INFO org.apache.catalina.core.ContainerBase.[Tomcat].[localhost].[/] [http-nio-0.0.0.0-8081-exec-1] Initializing Spring DispatcherServlet 'dispatcherServlet'
2020-07-26 17:49:44,816 INFO org.springframework.web.servlet.DispatcherServlet [http-nio-0.0.0.0-8081-exec-1] Initializing Servlet 'dispatcherServlet'
2020-07-26 17:49:44,848 INFO org.springframework.web.servlet.DispatcherServlet [http-nio-0.0.0.0-8081-exec-1] Completed initialization in 31 ms
2020-07-26 17:49:45,430 INFO com.mentor.budget.controller.SpendController [http-nio-0.0.0.0-8081-exec-1] processSpendRequest  :: SpendRequest(teammateId=null, amount=730.0, description=buy new laptop)
2020-07-26 17:49:45,433 INFO com.mentor.budget.service.impl.SpendServiceImpl [http-nio-0.0.0.0-8081-exec-1] processSpendRequest Service 
2020-07-26 17:51:46,326 INFO com.mentor.budget.controller.SpendController [http-nio-0.0.0.0-8081-exec-5] processSpendRequest  :: SpendRequest(teammateId=null, amount=730.0, description=buy new laptop)
2020-07-26 17:51:46,327 INFO com.mentor.budget.service.impl.SpendServiceImpl [http-nio-0.0.0.0-8081-exec-5] processSpendRequest Service 
2020-07-26 17:52:07,007 INFO org.springframework.scheduling.concurrent.ThreadPoolTaskExecutor [SpringContextShutdownHook] Shutting down ExecutorService 'applicationTaskExecutor'
2020-07-26 17:52:40,645 INFO com.mentor.budget.app.BudgetManagerServiceApplication [main] Starting BudgetManagerServiceApplication on yudhie with PID 26776 (A:\Code\mentor\Budget-Manager-Service\target\classes started by yudhie in A:\Code\mentor\Budget-Manager-Service)
2020-07-26 17:52:40,651 DEBUG com.mentor.budget.app.BudgetManagerServiceApplication [main] Running with Spring Boot v2.2.9.RELEASE, Spring v5.2.8.RELEASE
2020-07-26 17:52:40,652 INFO com.mentor.budget.app.BudgetManagerServiceApplication [main] No active profile set, falling back to default profiles: default
2020-07-26 17:52:48,953 INFO org.springframework.boot.web.embedded.tomcat.TomcatWebServer [main] Tomcat initialized with port(s): 8081 (http)
2020-07-26 17:52:49,267 INFO org.apache.catalina.core.StandardService [main] Starting service [Tomcat]
2020-07-26 17:52:49,268 INFO org.apache.catalina.core.StandardEngine [main] Starting Servlet engine: [Apache Tomcat/9.0.37]
2020-07-26 17:52:50,728 INFO org.apache.catalina.core.ContainerBase.[Tomcat].[localhost].[/] [main] Initializing Spring embedded WebApplicationContext
2020-07-26 17:52:50,730 INFO org.springframework.boot.web.servlet.context.ServletWebServerApplicationContext [main] Root WebApplicationContext: initialization completed in 9883 ms
2020-07-26 17:52:53,128 INFO org.springframework.scheduling.concurrent.ThreadPoolTaskExecutor [main] Initializing ExecutorService 'applicationTaskExecutor'
2020-07-26 17:52:54,246 INFO org.springframework.boot.actuate.endpoint.web.EndpointLinksResolver [main] Exposing 2 endpoint(s) beneath base path '/actuator'
2020-07-26 17:52:54,563 INFO org.springframework.boot.web.embedded.tomcat.TomcatWebServer [main] Tomcat started on port(s): 8081 (http) with context path ''
2020-07-26 17:52:54,582 INFO com.mentor.budget.app.BudgetManagerServiceApplication [main] Started BudgetManagerServiceApplication in 15.773 seconds (JVM running for 19.548)
2020-07-26 17:52:54,946 INFO com.mentor.budget.app.BudgetManagerServiceApplication [main] BUDGET-MANAGER-SERVICE STARTED
2020-07-26 17:53:10,741 INFO org.apache.catalina.core.ContainerBase.[Tomcat].[localhost].[/] [http-nio-0.0.0.0-8081-exec-1] Initializing Spring DispatcherServlet 'dispatcherServlet'
2020-07-26 17:53:10,744 INFO org.springframework.web.servlet.DispatcherServlet [http-nio-0.0.0.0-8081-exec-1] Initializing Servlet 'dispatcherServlet'
2020-07-26 17:53:10,798 INFO org.springframework.web.servlet.DispatcherServlet [http-nio-0.0.0.0-8081-exec-1] Completed initialization in 48 ms
2020-07-26 17:53:11,562 INFO com.mentor.budget.controller.SpendController [http-nio-0.0.0.0-8081-exec-1] processSpendRequest  :: SpendRequest(teammateId=null, amount=730.0, description=buy new laptop)
2020-07-26 17:53:11,565 INFO com.mentor.budget.service.impl.SpendServiceImpl [http-nio-0.0.0.0-8081-exec-1] processSpendRequest Service 
2020-07-26 17:53:53,488 INFO com.mentor.budget.controller.SpendController [http-nio-0.0.0.0-8081-exec-3] processSpendRequest  :: SpendRequest(teammateId=123, amount=730.0, description=buy new laptop)
2020-07-26 17:53:53,489 INFO com.mentor.budget.service.impl.SpendServiceImpl [http-nio-0.0.0.0-8081-exec-3] processSpendRequest Service 
2020-07-26 18:04:48,628 INFO org.springframework.scheduling.concurrent.ThreadPoolTaskExecutor [SpringContextShutdownHook] Shutting down ExecutorService 'applicationTaskExecutor'
2020-07-26 18:21:46,729 INFO com.mentor.budget.app.BudgetManagerServiceApplication [main] Starting BudgetManagerServiceApplication on yudhie with PID 10276 (A:\Code\mentor\Budget-Manager-Service\target\classes started by yudhie in A:\Code\mentor\Budget-Manager-Service)
2020-07-26 18:21:46,746 DEBUG com.mentor.budget.app.BudgetManagerServiceApplication [main] Running with Spring Boot v2.2.9.RELEASE, Spring v5.2.8.RELEASE
2020-07-26 18:21:46,747 INFO com.mentor.budget.app.BudgetManagerServiceApplication [main] No active profile set, falling back to default profiles: default
2020-07-26 18:21:51,225 INFO org.springframework.boot.web.embedded.tomcat.TomcatWebServer [main] Tomcat initialized with port(s): 8081 (http)
2020-07-26 18:21:51,327 INFO org.apache.catalina.core.StandardService [main] Starting service [Tomcat]
2020-07-26 18:21:51,329 INFO org.apache.catalina.core.StandardEngine [main] Starting Servlet engine: [Apache Tomcat/9.0.37]
2020-07-26 18:21:52,005 INFO org.apache.catalina.core.ContainerBase.[Tomcat].[localhost].[/] [main] Initializing Spring embedded WebApplicationContext
2020-07-26 18:21:52,007 INFO org.springframework.boot.web.servlet.context.ServletWebServerApplicationContext [main] Root WebApplicationContext: initialization completed in 4984 ms
2020-07-26 18:21:55,655 INFO org.springframework.scheduling.concurrent.ThreadPoolTaskExecutor [main] Initializing ExecutorService 'applicationTaskExecutor'
2020-07-26 18:21:58,233 INFO org.springframework.boot.actuate.endpoint.web.EndpointLinksResolver [main] Exposing 2 endpoint(s) beneath base path '/actuator'
2020-07-26 18:21:58,927 INFO org.springframework.boot.web.embedded.tomcat.TomcatWebServer [main] Tomcat started on port(s): 8081 (http) with context path ''
2020-07-26 18:21:58,936 INFO com.mentor.budget.app.BudgetManagerServiceApplication [main] Started BudgetManagerServiceApplication in 13.99 seconds (JVM running for 16.711)
2020-07-26 18:21:59,260 INFO com.mentor.budget.app.BudgetManagerServiceApplication [main] BUDGET-MANAGER-SERVICE STARTED
2020-07-26 18:22:16,068 INFO org.apache.catalina.core.ContainerBase.[Tomcat].[localhost].[/] [http-nio-0.0.0.0-8081-exec-2] Initializing Spring DispatcherServlet 'dispatcherServlet'
2020-07-26 18:22:16,071 INFO org.springframework.web.servlet.DispatcherServlet [http-nio-0.0.0.0-8081-exec-2] Initializing Servlet 'dispatcherServlet'
2020-07-26 18:22:16,114 INFO org.springframework.web.servlet.DispatcherServlet [http-nio-0.0.0.0-8081-exec-2] Completed initialization in 42 ms
2020-07-26 18:22:28,954 INFO com.mentor.budget.controller.SpendController [http-nio-0.0.0.0-8081-exec-2] processSpendRequest  :: SpendRequest(teammateId=123, amount=730.0, description=buy new laptop)
2020-07-26 18:22:28,975 INFO com.mentor.budget.service.impl.SpendServiceImpl [http-nio-0.0.0.0-8081-exec-2] processSpendRequest Service 
2020-07-26 18:22:29,488 INFO org.springframework.scheduling.concurrent.ThreadPoolTaskExecutor [SpringContextShutdownHook] Shutting down ExecutorService 'applicationTaskExecutor'
2020-07-26 18:23:08,946 INFO com.mentor.budget.app.BudgetManagerServiceApplication [main] Starting BudgetManagerServiceApplication on yudhie with PID 28520 (A:\Code\mentor\Budget-Manager-Service\target\classes started by yudhie in A:\Code\mentor\Budget-Manager-Service)
2020-07-26 18:23:08,954 DEBUG com.mentor.budget.app.BudgetManagerServiceApplication [main] Running with Spring Boot v2.2.9.RELEASE, Spring v5.2.8.RELEASE
2020-07-26 18:23:08,973 INFO com.mentor.budget.app.BudgetManagerServiceApplication [main] No active profile set, falling back to default profiles: default
2020-07-26 18:23:13,140 INFO org.springframework.boot.web.embedded.tomcat.TomcatWebServer [main] Tomcat initialized with port(s): 8081 (http)
2020-07-26 18:23:13,162 INFO org.apache.catalina.core.StandardService [main] Starting service [Tomcat]
2020-07-26 18:23:13,163 INFO org.apache.catalina.core.StandardEngine [main] Starting Servlet engine: [Apache Tomcat/9.0.37]
2020-07-26 18:23:13,336 INFO org.apache.catalina.core.ContainerBase.[Tomcat].[localhost].[/] [main] Initializing Spring embedded WebApplicationContext
2020-07-26 18:23:13,337 INFO org.springframework.boot.web.servlet.context.ServletWebServerApplicationContext [main] Root WebApplicationContext: initialization completed in 4150 ms
2020-07-26 18:23:14,386 INFO org.springframework.scheduling.concurrent.ThreadPoolTaskExecutor [main] Initializing ExecutorService 'applicationTaskExecutor'
2020-07-26 18:23:14,903 INFO org.springframework.boot.actuate.endpoint.web.EndpointLinksResolver [main] Exposing 2 endpoint(s) beneath base path '/actuator'
2020-07-26 18:23:15,033 INFO org.springframework.boot.web.embedded.tomcat.TomcatWebServer [main] Tomcat started on port(s): 8081 (http) with context path ''
2020-07-26 18:23:15,042 INFO com.mentor.budget.app.BudgetManagerServiceApplication [main] Started BudgetManagerServiceApplication in 8.0 seconds (JVM running for 11.218)
2020-07-26 18:23:15,187 INFO com.mentor.budget.app.BudgetManagerServiceApplication [main] BUDGET-MANAGER-SERVICE STARTED
2020-07-26 18:25:06,236 INFO org.apache.catalina.core.ContainerBase.[Tomcat].[localhost].[/] [http-nio-0.0.0.0-8081-exec-1] Initializing Spring DispatcherServlet 'dispatcherServlet'
2020-07-26 18:25:06,239 INFO org.springframework.web.servlet.DispatcherServlet [http-nio-0.0.0.0-8081-exec-1] Initializing Servlet 'dispatcherServlet'
2020-07-26 18:25:06,286 INFO org.springframework.web.servlet.DispatcherServlet [http-nio-0.0.0.0-8081-exec-1] Completed initialization in 47 ms
2020-07-26 18:25:21,525 INFO com.mentor.budget.controller.SpendController [http-nio-0.0.0.0-8081-exec-1] processSpendRequest  :: SpendRequest(teammateId=123, amount=730.0, description=buy new laptop)
2020-07-26 18:25:21,539 INFO com.mentor.budget.service.impl.SpendServiceImpl [http-nio-0.0.0.0-8081-exec-1] processSpendRequest Service 
2020-07-26 18:29:50,188 INFO org.springframework.scheduling.concurrent.ThreadPoolTaskExecutor [SpringContextShutdownHook] Shutting down ExecutorService 'applicationTaskExecutor'
2020-07-26 18:30:12,748 INFO com.mentor.budget.app.BudgetManagerServiceApplication [main] Starting BudgetManagerServiceApplication on yudhie with PID 27248 (A:\Code\mentor\Budget-Manager-Service\target\classes started by yudhie in A:\Code\mentor\Budget-Manager-Service)
2020-07-26 18:30:12,754 DEBUG com.mentor.budget.app.BudgetManagerServiceApplication [main] Running with Spring Boot v2.2.9.RELEASE, Spring v5.2.8.RELEASE
2020-07-26 18:30:12,756 INFO com.mentor.budget.app.BudgetManagerServiceApplication [main] No active profile set, falling back to default profiles: default
2020-07-26 18:30:17,591 INFO org.springframework.boot.web.embedded.tomcat.TomcatWebServer [main] Tomcat initialized with port(s): 8081 (http)
2020-07-26 18:30:17,615 INFO org.apache.catalina.core.StandardService [main] Starting service [Tomcat]
2020-07-26 18:30:17,616 INFO org.apache.catalina.core.StandardEngine [main] Starting Servlet engine: [Apache Tomcat/9.0.37]
2020-07-26 18:30:17,806 INFO org.apache.catalina.core.ContainerBase.[Tomcat].[localhost].[/] [main] Initializing Spring embedded WebApplicationContext
2020-07-26 18:30:17,807 INFO org.springframework.boot.web.servlet.context.ServletWebServerApplicationContext [main] Root WebApplicationContext: initialization completed in 4790 ms
2020-07-26 18:30:18,506 INFO org.springframework.scheduling.concurrent.ThreadPoolTaskExecutor [main] Initializing ExecutorService 'applicationTaskExecutor'
2020-07-26 18:30:18,982 INFO org.springframework.boot.actuate.endpoint.web.EndpointLinksResolver [main] Exposing 2 endpoint(s) beneath base path '/actuator'
2020-07-26 18:30:19,118 INFO org.springframework.boot.web.embedded.tomcat.TomcatWebServer [main] Tomcat started on port(s): 8081 (http) with context path ''
2020-07-26 18:30:19,127 INFO com.mentor.budget.app.BudgetManagerServiceApplication [main] Started BudgetManagerServiceApplication in 7.694 seconds (JVM running for 9.509)
2020-07-26 18:30:19,281 INFO com.mentor.budget.app.BudgetManagerServiceApplication [main] BUDGET-MANAGER-SERVICE STARTED
2020-07-26 18:32:56,976 INFO org.apache.catalina.core.ContainerBase.[Tomcat].[localhost].[/] [http-nio-0.0.0.0-8081-exec-1] Initializing Spring DispatcherServlet 'dispatcherServlet'
2020-07-26 18:32:56,981 INFO org.springframework.web.servlet.DispatcherServlet [http-nio-0.0.0.0-8081-exec-1] Initializing Servlet 'dispatcherServlet'
2020-07-26 18:32:57,005 INFO org.springframework.web.servlet.DispatcherServlet [http-nio-0.0.0.0-8081-exec-1] Completed initialization in 23 ms
2020-07-26 18:33:04,200 INFO com.mentor.budget.controller.SpendController [http-nio-0.0.0.0-8081-exec-1] processSpendRequest  :: SpendRequest(teammateId=123, amount=730.0, description=buy new laptop)
2020-07-26 18:33:04,206 INFO com.mentor.budget.service.impl.SpendServiceImpl [http-nio-0.0.0.0-8081-exec-1] processSpendRequest Service 
2020-07-26 18:33:04,207 INFO com.mentor.budget.service.impl.SpendServiceImpl [http-nio-0.0.0.0-8081-exec-1] Project Info :: ESG::10000
2020-07-26 18:33:13,315 INFO org.springframework.scheduling.concurrent.ThreadPoolTaskExecutor [SpringContextShutdownHook] Shutting down ExecutorService 'applicationTaskExecutor'
2020-07-26 18:33:42,365 INFO com.mentor.budget.app.BudgetManagerServiceApplication [main] Starting BudgetManagerServiceApplication on yudhie with PID 22300 (A:\Code\mentor\Budget-Manager-Service\target\classes started by yudhie in A:\Code\mentor\Budget-Manager-Service)
2020-07-26 18:33:42,376 DEBUG com.mentor.budget.app.BudgetManagerServiceApplication [main] Running with Spring Boot v2.2.9.RELEASE, Spring v5.2.8.RELEASE
2020-07-26 18:33:42,380 INFO com.mentor.budget.app.BudgetManagerServiceApplication [main] No active profile set, falling back to default profiles: default
2020-07-26 18:33:46,638 INFO org.springframework.boot.web.embedded.tomcat.TomcatWebServer [main] Tomcat initialized with port(s): 8081 (http)
2020-07-26 18:33:46,662 INFO org.apache.catalina.core.StandardService [main] Starting service [Tomcat]
2020-07-26 18:33:46,662 INFO org.apache.catalina.core.StandardEngine [main] Starting Servlet engine: [Apache Tomcat/9.0.37]
2020-07-26 18:33:46,862 INFO org.apache.catalina.core.ContainerBase.[Tomcat].[localhost].[/] [main] Initializing Spring embedded WebApplicationContext
2020-07-26 18:33:46,862 INFO org.springframework.boot.web.servlet.context.ServletWebServerApplicationContext [main] Root WebApplicationContext: initialization completed in 4320 ms
2020-07-26 18:33:47,575 INFO org.springframework.scheduling.concurrent.ThreadPoolTaskExecutor [main] Initializing ExecutorService 'applicationTaskExecutor'
2020-07-26 18:33:48,071 INFO org.springframework.boot.actuate.endpoint.web.EndpointLinksResolver [main] Exposing 2 endpoint(s) beneath base path '/actuator'
2020-07-26 18:33:48,213 INFO org.springframework.boot.web.embedded.tomcat.TomcatWebServer [main] Tomcat started on port(s): 8081 (http) with context path ''
2020-07-26 18:33:48,223 INFO com.mentor.budget.app.BudgetManagerServiceApplication [main] Started BudgetManagerServiceApplication in 7.185 seconds (JVM running for 9.058)
2020-07-26 18:33:48,391 INFO com.mentor.budget.app.BudgetManagerServiceApplication [main] BUDGET-MANAGER-SERVICE STARTED
2020-07-26 18:35:17,221 INFO org.apache.catalina.core.ContainerBase.[Tomcat].[localhost].[/] [http-nio-0.0.0.0-8081-exec-2] Initializing Spring DispatcherServlet 'dispatcherServlet'
2020-07-26 18:35:17,230 INFO org.springframework.web.servlet.DispatcherServlet [http-nio-0.0.0.0-8081-exec-2] Initializing Servlet 'dispatcherServlet'
2020-07-26 18:35:17,257 INFO org.springframework.web.servlet.DispatcherServlet [http-nio-0.0.0.0-8081-exec-2] Completed initialization in 26 ms
2020-07-26 18:35:20,696 INFO com.mentor.budget.controller.SpendController [http-nio-0.0.0.0-8081-exec-2] processSpendRequest  :: SpendRequest(teammateId=123, amount=730.0, description=buy new laptop)
2020-07-26 18:35:20,700 INFO com.mentor.budget.service.impl.SpendServiceImpl [http-nio-0.0.0.0-8081-exec-2] processSpendRequest Service 
2020-07-26 18:35:20,702 INFO com.mentor.budget.service.impl.SpendServiceImpl [http-nio-0.0.0.0-8081-exec-2] Project Info :: ESG::10000
2020-07-26 18:35:40,300 INFO com.mentor.budget.controller.SpendController [http-nio-0.0.0.0-8081-exec-3] processSpendRequest  :: SpendRequest(teammateId=123, amount=730.0, description=buy new laptop)
2020-07-26 18:35:40,302 INFO com.mentor.budget.service.impl.SpendServiceImpl [http-nio-0.0.0.0-8081-exec-3] processSpendRequest Service 
2020-07-26 18:35:40,305 INFO com.mentor.budget.service.impl.SpendServiceImpl [http-nio-0.0.0.0-8081-exec-3] Project Info :: ESG::9000
2020-07-26 19:08:34,313 INFO org.springframework.scheduling.concurrent.ThreadPoolTaskExecutor [SpringContextShutdownHook] Shutting down ExecutorService 'applicationTaskExecutor'
2020-07-26 19:09:44,597 INFO com.mentor.budget.app.BudgetManagerServiceApplication [main] Starting BudgetManagerServiceApplication on yudhie with PID 9800 (A:\Code\mentor\Budget-Manager-Service\target\classes started by yudhie in A:\Code\mentor\Budget-Manager-Service)
2020-07-26 19:09:44,607 DEBUG com.mentor.budget.app.BudgetManagerServiceApplication [main] Running with Spring Boot v2.2.9.RELEASE, Spring v5.2.8.RELEASE
2020-07-26 19:09:44,610 INFO com.mentor.budget.app.BudgetManagerServiceApplication [main] No active profile set, falling back to default profiles: default
2020-07-26 19:09:48,621 INFO org.springframework.boot.web.embedded.tomcat.TomcatWebServer [main] Tomcat initialized with port(s): 8081 (http)
2020-07-26 19:09:48,647 INFO org.apache.catalina.core.StandardService [main] Starting service [Tomcat]
2020-07-26 19:09:48,648 INFO org.apache.catalina.core.StandardEngine [main] Starting Servlet engine: [Apache Tomcat/9.0.37]
2020-07-26 19:09:48,832 INFO org.apache.catalina.core.ContainerBase.[Tomcat].[localhost].[/] [main] Initializing Spring embedded WebApplicationContext
2020-07-26 19:09:48,833 INFO org.springframework.boot.web.servlet.context.ServletWebServerApplicationContext [main] Root WebApplicationContext: initialization completed in 4000 ms
2020-07-26 19:09:49,208 WARN org.springframework.boot.web.servlet.context.AnnotationConfigServletWebServerApplicationContext [main] Exception encountered during context initialization - cancelling refresh attempt: org.springframework.boot.context.properties.ConfigurationPropertiesBindException: Error creating bean with name 'project': Could not bind properties to 'Project' : prefix=prefix=project, ignoreInvalidFields=false, ignoreUnknownFields=true; nested exception is org.springframework.boot.context.properties.source.InvalidConfigurationPropertyNameException: Configuration property name 'prefix=project' is not valid
2020-07-26 19:09:49,216 INFO org.apache.catalina.core.StandardService [main] Stopping service [Tomcat]
2020-07-26 19:09:49,253 INFO org.springframework.boot.autoconfigure.logging.ConditionEvaluationReportLoggingListener [main] 

Error starting ApplicationContext. To display the conditions report re-run your application with 'debug' enabled.
2020-07-26 19:09:49,260 ERROR org.springframework.boot.diagnostics.LoggingFailureAnalysisReporter [main] 

***************************
APPLICATION FAILED TO START
***************************

Description:

Configuration property name 'prefix=project' is not valid:

    Invalid characters: '='
    Bean: project
    Reason: Canonical names should be kebab-case ('-' separated), lowercase alpha-numeric characters and must start with a letter

Action:

Modify 'prefix=project' so that it conforms to the canonical names requirements.

2020-07-26 19:43:53,147 INFO com.mentor.budget.app.BudgetManagerServiceApplication [main] Starting BudgetManagerServiceApplication on yudhie with PID 23752 (A:\Code\mentor\Budget-Manager-Service\target\classes started by yudhie in A:\Code\mentor\Budget-Manager-Service)
2020-07-26 19:43:53,157 DEBUG com.mentor.budget.app.BudgetManagerServiceApplication [main] Running with Spring Boot v2.2.9.RELEASE, Spring v5.2.8.RELEASE
2020-07-26 19:43:53,160 INFO com.mentor.budget.app.BudgetManagerServiceApplication [main] No active profile set, falling back to default profiles: default
2020-07-26 19:43:58,077 INFO org.springframework.boot.web.embedded.tomcat.TomcatWebServer [main] Tomcat initialized with port(s): 8081 (http)
2020-07-26 19:43:58,164 INFO org.apache.catalina.core.StandardService [main] Starting service [Tomcat]
2020-07-26 19:43:58,166 INFO org.apache.catalina.core.StandardEngine [main] Starting Servlet engine: [Apache Tomcat/9.0.37]
2020-07-26 19:43:58,975 INFO org.apache.catalina.core.ContainerBase.[Tomcat].[localhost].[/] [main] Initializing Spring embedded WebApplicationContext
2020-07-26 19:43:58,977 INFO org.springframework.boot.web.servlet.context.ServletWebServerApplicationContext [main] Root WebApplicationContext: initialization completed in 5564 ms
2020-07-26 19:44:00,470 WARN org.springframework.boot.web.servlet.context.AnnotationConfigServletWebServerApplicationContext [main] Exception encountered during context initialization - cancelling refresh attempt: org.springframework.beans.factory.UnsatisfiedDependencyException: Error creating bean with name 'spendController': Unsatisfied dependency expressed through field 'spendService'; nested exception is org.springframework.beans.factory.UnsatisfiedDependencyException: Error creating bean with name 'spendServiceImpl': Unsatisfied dependency expressed through field 'project'; nested exception is org.springframework.boot.context.properties.ConfigurationPropertiesBindException: Error creating bean with name 'project': Could not bind properties to 'Project' : prefix=prefix=project, ignoreInvalidFields=false, ignoreUnknownFields=true; nested exception is org.springframework.boot.context.properties.source.InvalidConfigurationPropertyNameException: Configuration property name 'prefix=project' is not valid
2020-07-26 19:44:00,530 INFO org.apache.catalina.core.StandardService [main] Stopping service [Tomcat]
2020-07-26 19:44:00,998 INFO org.springframework.boot.autoconfigure.logging.ConditionEvaluationReportLoggingListener [main] 

Error starting ApplicationContext. To display the conditions report re-run your application with 'debug' enabled.
2020-07-26 19:44:01,016 ERROR org.springframework.boot.diagnostics.LoggingFailureAnalysisReporter [main] 

***************************
APPLICATION FAILED TO START
***************************

Description:

Configuration property name 'prefix=project' is not valid:

    Invalid characters: '='
    Bean: spendController
    Reason: Canonical names should be kebab-case ('-' separated), lowercase alpha-numeric characters and must start with a letter

Action:

Modify 'prefix=project' so that it conforms to the canonical names requirements.

2020-07-26 19:44:52,754 INFO com.mentor.budget.app.BudgetManagerServiceApplication [main] Starting BudgetManagerServiceApplication on yudhie with PID 25732 (A:\Code\mentor\Budget-Manager-Service\target\classes started by yudhie in A:\Code\mentor\Budget-Manager-Service)
2020-07-26 19:44:52,763 DEBUG com.mentor.budget.app.BudgetManagerServiceApplication [main] Running with Spring Boot v2.2.9.RELEASE, Spring v5.2.8.RELEASE
2020-07-26 19:44:52,766 INFO com.mentor.budget.app.BudgetManagerServiceApplication [main] No active profile set, falling back to default profiles: default
2020-07-26 19:44:58,547 INFO org.springframework.boot.web.embedded.tomcat.TomcatWebServer [main] Tomcat initialized with port(s): 8081 (http)
2020-07-26 19:44:58,668 INFO org.apache.catalina.core.StandardService [main] Starting service [Tomcat]
2020-07-26 19:44:58,671 INFO org.apache.catalina.core.StandardEngine [main] Starting Servlet engine: [Apache Tomcat/9.0.37]
2020-07-26 19:44:59,661 INFO org.apache.catalina.core.ContainerBase.[Tomcat].[localhost].[/] [main] Initializing Spring embedded WebApplicationContext
2020-07-26 19:44:59,662 INFO org.springframework.boot.web.servlet.context.ServletWebServerApplicationContext [main] Root WebApplicationContext: initialization completed in 6622 ms
2020-07-26 19:45:02,940 INFO org.springframework.scheduling.concurrent.ThreadPoolTaskExecutor [main] Initializing ExecutorService 'applicationTaskExecutor'
2020-07-26 19:45:05,313 INFO org.springframework.boot.actuate.endpoint.web.EndpointLinksResolver [main] Exposing 2 endpoint(s) beneath base path '/actuator'
2020-07-26 19:45:05,631 INFO org.springframework.boot.web.embedded.tomcat.TomcatWebServer [main] Tomcat started on port(s): 8081 (http) with context path ''
2020-07-26 19:45:05,641 INFO com.mentor.budget.app.BudgetManagerServiceApplication [main] Started BudgetManagerServiceApplication in 14.523 seconds (JVM running for 17.556)
2020-07-26 19:45:05,958 INFO com.mentor.budget.app.BudgetManagerServiceApplication [main] BUDGET-MANAGER-SERVICE STARTED
2020-07-26 19:47:47,661 INFO org.apache.catalina.core.ContainerBase.[Tomcat].[localhost].[/] [http-nio-0.0.0.0-8081-exec-1] Initializing Spring DispatcherServlet 'dispatcherServlet'
2020-07-26 19:47:47,663 INFO org.springframework.web.servlet.DispatcherServlet [http-nio-0.0.0.0-8081-exec-1] Initializing Servlet 'dispatcherServlet'
2020-07-26 19:47:47,847 INFO org.springframework.web.servlet.DispatcherServlet [http-nio-0.0.0.0-8081-exec-1] Completed initialization in 183 ms
2020-07-26 19:47:57,279 INFO com.mentor.budget.controller.SpendController [http-nio-0.0.0.0-8081-exec-1] processSpendRequest  :: SpendRequest(teammateId=123, amount=730.0, description=buy new laptop)Project(name=null, budget=null)
2020-07-26 19:47:57,296 INFO com.mentor.budget.service.impl.SpendServiceImpl [http-nio-0.0.0.0-8081-exec-1] processSpendRequest Service 
2020-07-26 19:47:57,306 INFO com.mentor.budget.service.impl.SpendServiceImpl [http-nio-0.0.0.0-8081-exec-1] Project Info :: ESG::10000********Project(name=ESG, budget=10000)
2020-07-26 19:50:12,429 INFO org.springframework.scheduling.concurrent.ThreadPoolTaskExecutor [SpringContextShutdownHook] Shutting down ExecutorService 'applicationTaskExecutor'
2020-07-26 19:50:29,064 INFO com.mentor.budget.app.BudgetManagerServiceApplication [main] Starting BudgetManagerServiceApplication on yudhie with PID 24452 (A:\Code\mentor\Budget-Manager-Service\target\classes started by yudhie in A:\Code\mentor\Budget-Manager-Service)
2020-07-26 19:50:29,070 DEBUG com.mentor.budget.app.BudgetManagerServiceApplication [main] Running with Spring Boot v2.2.9.RELEASE, Spring v5.2.8.RELEASE
2020-07-26 19:50:29,071 INFO com.mentor.budget.app.BudgetManagerServiceApplication [main] No active profile set, falling back to default profiles: default
2020-07-26 19:50:33,289 INFO org.springframework.boot.web.embedded.tomcat.TomcatWebServer [main] Tomcat initialized with port(s): 8081 (http)
2020-07-26 19:50:33,317 INFO org.apache.catalina.core.StandardService [main] Starting service [Tomcat]
2020-07-26 19:50:33,318 INFO org.apache.catalina.core.StandardEngine [main] Starting Servlet engine: [Apache Tomcat/9.0.37]
2020-07-26 19:50:33,518 INFO org.apache.catalina.core.ContainerBase.[Tomcat].[localhost].[/] [main] Initializing Spring embedded WebApplicationContext
2020-07-26 19:50:33,519 INFO org.springframework.boot.web.servlet.context.ServletWebServerApplicationContext [main] Root WebApplicationContext: initialization completed in 4172 ms
2020-07-26 19:50:34,280 INFO org.springframework.scheduling.concurrent.ThreadPoolTaskExecutor [main] Initializing ExecutorService 'applicationTaskExecutor'
2020-07-26 19:50:34,770 INFO org.springframework.boot.actuate.endpoint.web.EndpointLinksResolver [main] Exposing 2 endpoint(s) beneath base path '/actuator'
2020-07-26 19:50:34,951 INFO org.springframework.boot.web.embedded.tomcat.TomcatWebServer [main] Tomcat started on port(s): 8081 (http) with context path ''
2020-07-26 19:50:34,992 INFO com.mentor.budget.app.BudgetManagerServiceApplication [main] Started BudgetManagerServiceApplication in 7.406 seconds (JVM running for 9.138)
2020-07-26 19:50:35,188 INFO com.mentor.budget.app.BudgetManagerServiceApplication [main] BUDGET-MANAGER-SERVICE STARTED
2020-07-26 19:51:47,516 INFO org.apache.catalina.core.ContainerBase.[Tomcat].[localhost].[/] [http-nio-0.0.0.0-8081-exec-2] Initializing Spring DispatcherServlet 'dispatcherServlet'
2020-07-26 19:51:47,518 INFO org.springframework.web.servlet.DispatcherServlet [http-nio-0.0.0.0-8081-exec-2] Initializing Servlet 'dispatcherServlet'
2020-07-26 19:51:47,597 INFO org.springframework.web.servlet.DispatcherServlet [http-nio-0.0.0.0-8081-exec-2] Completed initialization in 78 ms
2020-07-26 19:51:50,490 INFO com.mentor.budget.controller.SpendController [http-nio-0.0.0.0-8081-exec-2] processSpendRequest  :: SpendRequest(teammateId=123, amount=730.0, description=buy new laptop)Project(name=null, budget=null)
2020-07-26 19:51:50,494 INFO com.mentor.budget.service.impl.SpendServiceImpl [http-nio-0.0.0.0-8081-exec-2] processSpendRequest Service 
2020-07-26 19:51:50,495 INFO com.mentor.budget.service.impl.SpendServiceImpl [http-nio-0.0.0.0-8081-exec-2] Project Info :: ********Project(name=ESG, budget=10000)
2020-07-26 19:52:21,667 INFO com.mentor.budget.controller.SpendController [http-nio-0.0.0.0-8081-exec-3] processSpendRequest  :: SpendRequest(teammateId=123, amount=730.0, description=buy new laptop)Project(name=null, budget=null)
2020-07-26 19:52:21,669 INFO com.mentor.budget.service.impl.SpendServiceImpl [http-nio-0.0.0.0-8081-exec-3] processSpendRequest Service 
2020-07-26 19:52:21,670 INFO com.mentor.budget.service.impl.SpendServiceImpl [http-nio-0.0.0.0-8081-exec-3] Project Info :: ********Project(name=ESG, budget=9000)
2020-07-26 19:59:20,270 INFO org.springframework.scheduling.concurrent.ThreadPoolTaskExecutor [SpringContextShutdownHook] Shutting down ExecutorService 'applicationTaskExecutor'
2020-07-26 19:59:36,543 INFO com.mentor.budget.app.BudgetManagerServiceApplication [main] Starting BudgetManagerServiceApplication on yudhie with PID 14876 (A:\Code\mentor\Budget-Manager-Service\target\classes started by yudhie in A:\Code\mentor\Budget-Manager-Service)
2020-07-26 19:59:36,555 DEBUG com.mentor.budget.app.BudgetManagerServiceApplication [main] Running with Spring Boot v2.2.9.RELEASE, Spring v5.2.8.RELEASE
2020-07-26 19:59:36,560 INFO com.mentor.budget.app.BudgetManagerServiceApplication [main] No active profile set, falling back to default profiles: default
2020-07-26 19:59:41,017 INFO org.springframework.boot.web.embedded.tomcat.TomcatWebServer [main] Tomcat initialized with port(s): 8081 (http)
2020-07-26 19:59:41,042 INFO org.apache.catalina.core.StandardService [main] Starting service [Tomcat]
2020-07-26 19:59:41,042 INFO org.apache.catalina.core.StandardEngine [main] Starting Servlet engine: [Apache Tomcat/9.0.37]
2020-07-26 19:59:41,263 INFO org.apache.catalina.core.ContainerBase.[Tomcat].[localhost].[/] [main] Initializing Spring embedded WebApplicationContext
2020-07-26 19:59:41,264 INFO org.springframework.boot.web.servlet.context.ServletWebServerApplicationContext [main] Root WebApplicationContext: initialization completed in 4368 ms
2020-07-26 19:59:42,199 INFO org.springframework.scheduling.concurrent.ThreadPoolTaskExecutor [main] Initializing ExecutorService 'applicationTaskExecutor'
2020-07-26 19:59:42,698 INFO org.springframework.boot.actuate.endpoint.web.EndpointLinksResolver [main] Exposing 2 endpoint(s) beneath base path '/actuator'
2020-07-26 19:59:42,855 INFO org.springframework.boot.web.embedded.tomcat.TomcatWebServer [main] Tomcat started on port(s): 8081 (http) with context path ''
2020-07-26 19:59:42,865 INFO com.mentor.budget.app.BudgetManagerServiceApplication [main] Started BudgetManagerServiceApplication in 7.894 seconds (JVM running for 9.626)
2020-07-26 19:59:43,033 INFO com.mentor.budget.app.BudgetManagerServiceApplication [main] BUDGET-MANAGER-SERVICE STARTED
2020-07-26 20:00:07,463 INFO org.apache.catalina.core.ContainerBase.[Tomcat].[localhost].[/] [http-nio-0.0.0.0-8081-exec-2] Initializing Spring DispatcherServlet 'dispatcherServlet'
2020-07-26 20:00:07,465 INFO org.springframework.web.servlet.DispatcherServlet [http-nio-0.0.0.0-8081-exec-2] Initializing Servlet 'dispatcherServlet'
2020-07-26 20:00:07,495 INFO org.springframework.web.servlet.DispatcherServlet [http-nio-0.0.0.0-8081-exec-2] Completed initialization in 29 ms
2020-07-26 20:00:17,050 INFO com.mentor.budget.controller.SpendController [http-nio-0.0.0.0-8081-exec-2] processSpendRequest  :: SpendRequest(teammateId=123, amount=730.0, description=buy new laptop)Project(name=null, budget=null)
2020-07-26 20:00:17,061 INFO com.mentor.budget.service.impl.SpendServiceImpl [http-nio-0.0.0.0-8081-exec-2] processSpendRequest Service 
2020-07-26 20:00:17,064 INFO com.mentor.budget.service.impl.SpendServiceImpl [http-nio-0.0.0.0-8081-exec-2] Project Info :: ********Project(name=ESG, budget=10000)
2020-07-26 20:00:22,923 INFO org.springframework.scheduling.concurrent.ThreadPoolTaskExecutor [SpringContextShutdownHook] Shutting down ExecutorService 'applicationTaskExecutor'
2020-07-26 20:01:15,004 INFO com.mentor.budget.app.BudgetManagerServiceApplication [main] Starting BudgetManagerServiceApplication on yudhie with PID 24424 (A:\Code\mentor\Budget-Manager-Service\target\classes started by yudhie in A:\Code\mentor\Budget-Manager-Service)
2020-07-26 20:01:15,010 DEBUG com.mentor.budget.app.BudgetManagerServiceApplication [main] Running with Spring Boot v2.2.9.RELEASE, Spring v5.2.8.RELEASE
2020-07-26 20:01:15,011 INFO com.mentor.budget.app.BudgetManagerServiceApplication [main] No active profile set, falling back to default profiles: default
2020-07-26 20:01:20,064 INFO org.springframework.boot.web.embedded.tomcat.TomcatWebServer [main] Tomcat initialized with port(s): 8081 (http)
2020-07-26 20:01:20,087 INFO org.apache.catalina.core.StandardService [main] Starting service [Tomcat]
2020-07-26 20:01:20,087 INFO org.apache.catalina.core.StandardEngine [main] Starting Servlet engine: [Apache Tomcat/9.0.37]
2020-07-26 20:01:20,342 INFO org.apache.catalina.core.ContainerBase.[Tomcat].[localhost].[/] [main] Initializing Spring embedded WebApplicationContext
2020-07-26 20:01:20,345 INFO org.springframework.boot.web.servlet.context.ServletWebServerApplicationContext [main] Root WebApplicationContext: initialization completed in 5115 ms
2020-07-26 20:01:21,292 INFO org.springframework.scheduling.concurrent.ThreadPoolTaskExecutor [main] Initializing ExecutorService 'applicationTaskExecutor'
2020-07-26 20:01:21,874 INFO org.springframework.boot.actuate.endpoint.web.EndpointLinksResolver [main] Exposing 2 endpoint(s) beneath base path '/actuator'
2020-07-26 20:01:22,063 INFO org.springframework.boot.web.embedded.tomcat.TomcatWebServer [main] Tomcat started on port(s): 8081 (http) with context path ''
2020-07-26 20:01:22,087 INFO com.mentor.budget.app.BudgetManagerServiceApplication [main] Started BudgetManagerServiceApplication in 8.908 seconds (JVM running for 10.781)
2020-07-26 20:01:22,288 INFO com.mentor.budget.app.BudgetManagerServiceApplication [main] BUDGET-MANAGER-SERVICE STARTED
2020-07-26 20:06:14,392 INFO org.apache.catalina.core.ContainerBase.[Tomcat].[localhost].[/] [http-nio-0.0.0.0-8081-exec-2] Initializing Spring DispatcherServlet 'dispatcherServlet'
2020-07-26 20:06:14,395 INFO org.springframework.web.servlet.DispatcherServlet [http-nio-0.0.0.0-8081-exec-2] Initializing Servlet 'dispatcherServlet'
2020-07-26 20:06:14,447 INFO org.springframework.web.servlet.DispatcherServlet [http-nio-0.0.0.0-8081-exec-2] Completed initialization in 51 ms
2020-07-26 20:06:19,549 INFO com.mentor.budget.controller.SpendController [http-nio-0.0.0.0-8081-exec-2] processSpendRequest  :: SpendRequest(teammateId=123, amount=730.0, description=buy new laptop)
2020-07-26 20:06:19,553 INFO com.mentor.budget.service.impl.SpendServiceImpl [http-nio-0.0.0.0-8081-exec-2] processSpendRequest Service 
2020-07-26 20:06:19,554 INFO com.mentor.budget.service.impl.SpendServiceImpl [http-nio-0.0.0.0-8081-exec-2] Project Info :: ********Project(name=ESG, budget=10000)
2020-07-26 20:06:39,397 INFO com.mentor.budget.controller.SpendController [http-nio-0.0.0.0-8081-exec-3] processSpendRequest  :: SpendRequest(teammateId=123, amount=730.0, description=buy new laptop)
2020-07-26 20:06:39,400 INFO com.mentor.budget.service.impl.SpendServiceImpl [http-nio-0.0.0.0-8081-exec-3] processSpendRequest Service 
2020-07-26 20:06:39,402 INFO com.mentor.budget.service.impl.SpendServiceImpl [http-nio-0.0.0.0-8081-exec-3] Project Info :: ********Project(name=ESG, budget=9000)
2020-07-26 20:06:53,597 INFO com.mentor.budget.controller.SpendController [http-nio-0.0.0.0-8081-exec-4] processSpendRequest  :: SpendRequest(teammateId=123, amount=730.0, description=buy new laptop)
2020-07-26 20:06:53,599 INFO com.mentor.budget.service.impl.SpendServiceImpl [http-nio-0.0.0.0-8081-exec-4] processSpendRequest Service 
2020-07-26 20:06:53,600 INFO com.mentor.budget.service.impl.SpendServiceImpl [http-nio-0.0.0.0-8081-exec-4] Project Info :: ********Project(name=ESG, budget=8000)
2020-07-26 20:27:37,890 INFO org.springframework.scheduling.concurrent.ThreadPoolTaskExecutor [SpringContextShutdownHook] Shutting down ExecutorService 'applicationTaskExecutor'
2020-07-26 20:28:33,271 INFO com.mentor.budget.app.BudgetManagerServiceApplication [main] Starting BudgetManagerServiceApplication on yudhie with PID 23392 (A:\Code\mentor\Budget-Manager-Service\target\classes started by yudhie in A:\Code\mentor\Budget-Manager-Service)
2020-07-26 20:28:33,281 DEBUG com.mentor.budget.app.BudgetManagerServiceApplication [main] Running with Spring Boot v2.2.9.RELEASE, Spring v5.2.8.RELEASE
2020-07-26 20:28:33,283 INFO com.mentor.budget.app.BudgetManagerServiceApplication [main] No active profile set, falling back to default profiles: default
2020-07-26 20:28:40,957 INFO org.springframework.boot.web.embedded.tomcat.TomcatWebServer [main] Tomcat initialized with port(s): 8081 (http)
2020-07-26 20:28:41,073 INFO org.apache.catalina.core.StandardService [main] Starting service [Tomcat]
2020-07-26 20:28:41,074 INFO org.apache.catalina.core.StandardEngine [main] Starting Servlet engine: [Apache Tomcat/9.0.37]
2020-07-26 20:28:41,778 INFO org.apache.catalina.core.ContainerBase.[Tomcat].[localhost].[/] [main] Initializing Spring embedded WebApplicationContext
2020-07-26 20:28:41,780 INFO org.springframework.boot.web.servlet.context.ServletWebServerApplicationContext [main] Root WebApplicationContext: initialization completed in 8106 ms
2020-07-26 20:28:44,117 INFO org.springframework.scheduling.concurrent.ThreadPoolTaskExecutor [main] Initializing ExecutorService 'applicationTaskExecutor'
2020-07-26 20:28:45,534 INFO org.springframework.boot.actuate.endpoint.web.EndpointLinksResolver [main] Exposing 2 endpoint(s) beneath base path '/actuator'
2020-07-26 20:28:45,754 INFO org.springframework.boot.web.embedded.tomcat.TomcatWebServer [main] Tomcat started on port(s): 8081 (http) with context path ''
2020-07-26 20:28:45,771 INFO com.mentor.budget.app.BudgetManagerServiceApplication [main] Started BudgetManagerServiceApplication in 17.592 seconds (JVM running for 23.722)
2020-07-26 20:28:46,154 INFO com.mentor.budget.app.BudgetManagerServiceApplication [main] BUDGET-MANAGER-SERVICE STARTED
2020-07-26 20:44:34,526 INFO org.apache.catalina.core.ContainerBase.[Tomcat].[localhost].[/] [http-nio-0.0.0.0-8081-exec-1] Initializing Spring DispatcherServlet 'dispatcherServlet'
2020-07-26 20:44:34,528 INFO org.springframework.web.servlet.DispatcherServlet [http-nio-0.0.0.0-8081-exec-1] Initializing Servlet 'dispatcherServlet'
2020-07-26 20:44:34,549 INFO org.springframework.web.servlet.DispatcherServlet [http-nio-0.0.0.0-8081-exec-1] Completed initialization in 20 ms
2020-07-26 20:44:35,608 ERROR org.apache.catalina.core.ContainerBase.[Tomcat].[localhost].[/].[dispatcherServlet] [http-nio-0.0.0.0-8081-exec-1] Servlet.service() for servlet [dispatcherServlet] in context with path [] threw exception [Request processing failed; nested exception is javax.validation.UnexpectedTypeException: HV000030: No validator could be found for constraint 'javax.validation.constraints.NotBlank' validating type 'java.lang.Integer'. Check configuration for 'teammateId'] with root cause
javax.validation.UnexpectedTypeException: HV000030: No validator could be found for constraint 'javax.validation.constraints.NotBlank' validating type 'java.lang.Integer'. Check configuration for 'teammateId'
	at org.hibernate.validator.internal.engine.constraintvalidation.ConstraintTree.getExceptionForNullValidator(ConstraintTree.java:108)
	at org.hibernate.validator.internal.engine.constraintvalidation.ConstraintTree.getInitializedConstraintValidator(ConstraintTree.java:140)
	at org.hibernate.validator.internal.engine.constraintvalidation.SimpleConstraintTree.validateConstraints(SimpleConstraintTree.java:55)
	at org.hibernate.validator.internal.engine.constraintvalidation.ConstraintTree.validateConstraints(ConstraintTree.java:73)
	at org.hibernate.validator.internal.metadata.core.MetaConstraint.doValidateConstraint(MetaConstraint.java:127)
	at org.hibernate.validator.internal.metadata.core.MetaConstraint.validateConstraint(MetaConstraint.java:120)
	at org.hibernate.validator.internal.engine.ValidatorImpl.validateMetaConstraint(ValidatorImpl.java:552)
	at org.hibernate.validator.internal.engine.ValidatorImpl.validateConstraintsForSingleDefaultGroupElement(ValidatorImpl.java:515)
	at org.hibernate.validator.internal.engine.ValidatorImpl.validateConstraintsForDefaultGroup(ValidatorImpl.java:485)
	at org.hibernate.validator.internal.engine.ValidatorImpl.validateConstraintsForCurrentGroup(ValidatorImpl.java:447)
	at org.hibernate.validator.internal.engine.ValidatorImpl.validateInContext(ValidatorImpl.java:397)
	at org.hibernate.validator.internal.engine.ValidatorImpl.validate(ValidatorImpl.java:173)
	at org.springframework.validation.beanvalidation.SpringValidatorAdapter.validate(SpringValidatorAdapter.java:117)
	at org.springframework.boot.autoconfigure.validation.ValidatorAdapter.validate(ValidatorAdapter.java:70)
	at org.springframework.validation.DataBinder.validate(DataBinder.java:889)
	at org.springframework.web.servlet.mvc.method.annotation.AbstractMessageConverterMethodArgumentResolver.validateIfApplicable(AbstractMessageConverterMethodArgumentResolver.java:266)
	at org.springframework.web.servlet.mvc.method.annotation.RequestResponseBodyMethodProcessor.resolveArgument(RequestResponseBodyMethodProcessor.java:137)
	at org.springframework.web.method.support.HandlerMethodArgumentResolverComposite.resolveArgument(HandlerMethodArgumentResolverComposite.java:121)
	at org.springframework.web.method.support.InvocableHandlerMethod.getMethodArgumentValues(InvocableHandlerMethod.java:167)
	at org.springframework.web.method.support.InvocableHandlerMethod.invokeForRequest(InvocableHandlerMethod.java:134)
	at org.springframework.web.servlet.mvc.method.annotation.ServletInvocableHandlerMethod.invokeAndHandle(ServletInvocableHandlerMethod.java:105)
	at org.springframework.web.servlet.mvc.method.annotation.RequestMappingHandlerAdapter.invokeHandlerMethod(RequestMappingHandlerAdapter.java:878)
	at org.springframework.web.servlet.mvc.method.annotation.RequestMappingHandlerAdapter.handleInternal(RequestMappingHandlerAdapter.java:792)
	at org.springframework.web.servlet.mvc.method.AbstractHandlerMethodAdapter.handle(AbstractHandlerMethodAdapter.java:87)
	at org.springframework.web.servlet.DispatcherServlet.doDispatch(DispatcherServlet.java:1040)
	at org.springframework.web.servlet.DispatcherServlet.doService(DispatcherServlet.java:943)
	at org.springframework.web.servlet.FrameworkServlet.processRequest(FrameworkServlet.java:1006)
	at org.springframework.web.servlet.FrameworkServlet.doPost(FrameworkServlet.java:909)
	at javax.servlet.http.HttpServlet.service(HttpServlet.java:652)
	at org.springframework.web.servlet.FrameworkServlet.service(FrameworkServlet.java:883)
	at javax.servlet.http.HttpServlet.service(HttpServlet.java:733)
	at org.apache.catalina.core.ApplicationFilterChain.internalDoFilter(ApplicationFilterChain.java:231)
	at org.apache.catalina.core.ApplicationFilterChain.doFilter(ApplicationFilterChain.java:166)
	at org.apache.tomcat.websocket.server.WsFilter.doFilter(WsFilter.java:53)
	at org.apache.catalina.core.ApplicationFilterChain.internalDoFilter(ApplicationFilterChain.java:193)
	at org.apache.catalina.core.ApplicationFilterChain.doFilter(ApplicationFilterChain.java:166)
	at org.springframework.web.filter.RequestContextFilter.doFilterInternal(RequestContextFilter.java:100)
	at org.springframework.web.filter.OncePerRequestFilter.doFilter(OncePerRequestFilter.java:119)
	at org.apache.catalina.core.ApplicationFilterChain.internalDoFilter(ApplicationFilterChain.java:193)
	at org.apache.catalina.core.ApplicationFilterChain.doFilter(ApplicationFilterChain.java:166)
	at org.springframework.web.filter.FormContentFilter.doFilterInternal(FormContentFilter.java:93)
	at org.springframework.web.filter.OncePerRequestFilter.doFilter(OncePerRequestFilter.java:119)
	at org.apache.catalina.core.ApplicationFilterChain.internalDoFilter(ApplicationFilterChain.java:193)
	at org.apache.catalina.core.ApplicationFilterChain.doFilter(ApplicationFilterChain.java:166)
	at org.springframework.boot.actuate.metrics.web.servlet.WebMvcMetricsFilter.doFilterInternal(WebMvcMetricsFilter.java:109)
	at org.springframework.web.filter.OncePerRequestFilter.doFilter(OncePerRequestFilter.java:119)
	at org.apache.catalina.core.ApplicationFilterChain.internalDoFilter(ApplicationFilterChain.java:193)
	at org.apache.catalina.core.ApplicationFilterChain.doFilter(ApplicationFilterChain.java:166)
	at org.springframework.web.filter.CharacterEncodingFilter.doFilterInternal(CharacterEncodingFilter.java:201)
	at org.springframework.web.filter.OncePerRequestFilter.doFilter(OncePerRequestFilter.java:119)
	at org.apache.catalina.core.ApplicationFilterChain.internalDoFilter(ApplicationFilterChain.java:193)
	at org.apache.catalina.core.ApplicationFilterChain.doFilter(ApplicationFilterChain.java:166)
	at org.apache.catalina.core.StandardWrapperValve.invoke(StandardWrapperValve.java:202)
	at org.apache.catalina.core.StandardContextValve.invoke(StandardContextValve.java:96)
	at org.apache.catalina.authenticator.AuthenticatorBase.invoke(AuthenticatorBase.java:541)
	at org.apache.catalina.core.StandardHostValve.invoke(StandardHostValve.java:139)
	at org.apache.catalina.valves.ErrorReportValve.invoke(ErrorReportValve.java:92)
	at org.apache.catalina.core.StandardEngineValve.invoke(StandardEngineValve.java:74)
	at org.apache.catalina.connector.CoyoteAdapter.service(CoyoteAdapter.java:343)
	at org.apache.coyote.http11.Http11Processor.service(Http11Processor.java:373)
	at org.apache.coyote.AbstractProcessorLight.process(AbstractProcessorLight.java:65)
	at org.apache.coyote.AbstractProtocol$ConnectionHandler.process(AbstractProtocol.java:868)
	at org.apache.tomcat.util.net.NioEndpoint$SocketProcessor.doRun(NioEndpoint.java:1589)
	at org.apache.tomcat.util.net.SocketProcessorBase.run(SocketProcessorBase.java:49)
	at java.base/java.util.concurrent.ThreadPoolExecutor.runWorker(ThreadPoolExecutor.java:1128)
	at java.base/java.util.concurrent.ThreadPoolExecutor$Worker.run(ThreadPoolExecutor.java:628)
	at org.apache.tomcat.util.threads.TaskThread$WrappingRunnable.run(TaskThread.java:61)
	at java.base/java.lang.Thread.run(Thread.java:834)
2020-07-26 20:45:08,974 ERROR org.apache.catalina.core.ContainerBase.[Tomcat].[localhost].[/].[dispatcherServlet] [http-nio-0.0.0.0-8081-exec-4] Servlet.service() for servlet [dispatcherServlet] in context with path [] threw exception [Request processing failed; nested exception is javax.validation.UnexpectedTypeException: HV000030: No validator could be found for constraint 'javax.validation.constraints.NotBlank' validating type 'java.lang.Integer'. Check configuration for 'teammateId'] with root cause
javax.validation.UnexpectedTypeException: HV000030: No validator could be found for constraint 'javax.validation.constraints.NotBlank' validating type 'java.lang.Integer'. Check configuration for 'teammateId'
	at org.hibernate.validator.internal.engine.constraintvalidation.ConstraintTree.getExceptionForNullValidator(ConstraintTree.java:108)
	at org.hibernate.validator.internal.engine.constraintvalidation.ConstraintTree.getInitializedConstraintValidator(ConstraintTree.java:140)
	at org.hibernate.validator.internal.engine.constraintvalidation.SimpleConstraintTree.validateConstraints(SimpleConstraintTree.java:55)
	at org.hibernate.validator.internal.engine.constraintvalidation.ConstraintTree.validateConstraints(ConstraintTree.java:73)
	at org.hibernate.validator.internal.metadata.core.MetaConstraint.doValidateConstraint(MetaConstraint.java:127)
	at org.hibernate.validator.internal.metadata.core.MetaConstraint.validateConstraint(MetaConstraint.java:120)
	at org.hibernate.validator.internal.engine.ValidatorImpl.validateMetaConstraint(ValidatorImpl.java:552)
	at org.hibernate.validator.internal.engine.ValidatorImpl.validateConstraintsForSingleDefaultGroupElement(ValidatorImpl.java:515)
	at org.hibernate.validator.internal.engine.ValidatorImpl.validateConstraintsForDefaultGroup(ValidatorImpl.java:485)
	at org.hibernate.validator.internal.engine.ValidatorImpl.validateConstraintsForCurrentGroup(ValidatorImpl.java:447)
	at org.hibernate.validator.internal.engine.ValidatorImpl.validateInContext(ValidatorImpl.java:397)
	at org.hibernate.validator.internal.engine.ValidatorImpl.validate(ValidatorImpl.java:173)
	at org.springframework.validation.beanvalidation.SpringValidatorAdapter.validate(SpringValidatorAdapter.java:117)
	at org.springframework.boot.autoconfigure.validation.ValidatorAdapter.validate(ValidatorAdapter.java:70)
	at org.springframework.validation.DataBinder.validate(DataBinder.java:889)
	at org.springframework.web.servlet.mvc.method.annotation.AbstractMessageConverterMethodArgumentResolver.validateIfApplicable(AbstractMessageConverterMethodArgumentResolver.java:266)
	at org.springframework.web.servlet.mvc.method.annotation.RequestResponseBodyMethodProcessor.resolveArgument(RequestResponseBodyMethodProcessor.java:137)
	at org.springframework.web.method.support.HandlerMethodArgumentResolverComposite.resolveArgument(HandlerMethodArgumentResolverComposite.java:121)
	at org.springframework.web.method.support.InvocableHandlerMethod.getMethodArgumentValues(InvocableHandlerMethod.java:167)
	at org.springframework.web.method.support.InvocableHandlerMethod.invokeForRequest(InvocableHandlerMethod.java:134)
	at org.springframework.web.servlet.mvc.method.annotation.ServletInvocableHandlerMethod.invokeAndHandle(ServletInvocableHandlerMethod.java:105)
	at org.springframework.web.servlet.mvc.method.annotation.RequestMappingHandlerAdapter.invokeHandlerMethod(RequestMappingHandlerAdapter.java:878)
	at org.springframework.web.servlet.mvc.method.annotation.RequestMappingHandlerAdapter.handleInternal(RequestMappingHandlerAdapter.java:792)
	at org.springframework.web.servlet.mvc.method.AbstractHandlerMethodAdapter.handle(AbstractHandlerMethodAdapter.java:87)
	at org.springframework.web.servlet.DispatcherServlet.doDispatch(DispatcherServlet.java:1040)
	at org.springframework.web.servlet.DispatcherServlet.doService(DispatcherServlet.java:943)
	at org.springframework.web.servlet.FrameworkServlet.processRequest(FrameworkServlet.java:1006)
	at org.springframework.web.servlet.FrameworkServlet.doPost(FrameworkServlet.java:909)
	at javax.servlet.http.HttpServlet.service(HttpServlet.java:652)
	at org.springframework.web.servlet.FrameworkServlet.service(FrameworkServlet.java:883)
	at javax.servlet.http.HttpServlet.service(HttpServlet.java:733)
	at org.apache.catalina.core.ApplicationFilterChain.internalDoFilter(ApplicationFilterChain.java:231)
	at org.apache.catalina.core.ApplicationFilterChain.doFilter(ApplicationFilterChain.java:166)
	at org.apache.tomcat.websocket.server.WsFilter.doFilter(WsFilter.java:53)
	at org.apache.catalina.core.ApplicationFilterChain.internalDoFilter(ApplicationFilterChain.java:193)
	at org.apache.catalina.core.ApplicationFilterChain.doFilter(ApplicationFilterChain.java:166)
	at org.springframework.web.filter.RequestContextFilter.doFilterInternal(RequestContextFilter.java:100)
	at org.springframework.web.filter.OncePerRequestFilter.doFilter(OncePerRequestFilter.java:119)
	at org.apache.catalina.core.ApplicationFilterChain.internalDoFilter(ApplicationFilterChain.java:193)
	at org.apache.catalina.core.ApplicationFilterChain.doFilter(ApplicationFilterChain.java:166)
	at org.springframework.web.filter.FormContentFilter.doFilterInternal(FormContentFilter.java:93)
	at org.springframework.web.filter.OncePerRequestFilter.doFilter(OncePerRequestFilter.java:119)
	at org.apache.catalina.core.ApplicationFilterChain.internalDoFilter(ApplicationFilterChain.java:193)
	at org.apache.catalina.core.ApplicationFilterChain.doFilter(ApplicationFilterChain.java:166)
	at org.springframework.boot.actuate.metrics.web.servlet.WebMvcMetricsFilter.doFilterInternal(WebMvcMetricsFilter.java:109)
	at org.springframework.web.filter.OncePerRequestFilter.doFilter(OncePerRequestFilter.java:119)
	at org.apache.catalina.core.ApplicationFilterChain.internalDoFilter(ApplicationFilterChain.java:193)
	at org.apache.catalina.core.ApplicationFilterChain.doFilter(ApplicationFilterChain.java:166)
	at org.springframework.web.filter.CharacterEncodingFilter.doFilterInternal(CharacterEncodingFilter.java:201)
	at org.springframework.web.filter.OncePerRequestFilter.doFilter(OncePerRequestFilter.java:119)
	at org.apache.catalina.core.ApplicationFilterChain.internalDoFilter(ApplicationFilterChain.java:193)
	at org.apache.catalina.core.ApplicationFilterChain.doFilter(ApplicationFilterChain.java:166)
	at org.apache.catalina.core.StandardWrapperValve.invoke(StandardWrapperValve.java:202)
	at org.apache.catalina.core.StandardContextValve.invoke(StandardContextValve.java:96)
	at org.apache.catalina.authenticator.AuthenticatorBase.invoke(AuthenticatorBase.java:541)
	at org.apache.catalina.core.StandardHostValve.invoke(StandardHostValve.java:139)
	at org.apache.catalina.valves.ErrorReportValve.invoke(ErrorReportValve.java:92)
	at org.apache.catalina.core.StandardEngineValve.invoke(StandardEngineValve.java:74)
	at org.apache.catalina.connector.CoyoteAdapter.service(CoyoteAdapter.java:343)
	at org.apache.coyote.http11.Http11Processor.service(Http11Processor.java:373)
	at org.apache.coyote.AbstractProcessorLight.process(AbstractProcessorLight.java:65)
	at org.apache.coyote.AbstractProtocol$ConnectionHandler.process(AbstractProtocol.java:868)
	at org.apache.tomcat.util.net.NioEndpoint$SocketProcessor.doRun(NioEndpoint.java:1589)
	at org.apache.tomcat.util.net.SocketProcessorBase.run(SocketProcessorBase.java:49)
	at java.base/java.util.concurrent.ThreadPoolExecutor.runWorker(ThreadPoolExecutor.java:1128)
	at java.base/java.util.concurrent.ThreadPoolExecutor$Worker.run(ThreadPoolExecutor.java:628)
	at org.apache.tomcat.util.threads.TaskThread$WrappingRunnable.run(TaskThread.java:61)
	at java.base/java.lang.Thread.run(Thread.java:834)
2020-07-26 20:45:42,085 INFO org.springframework.scheduling.concurrent.ThreadPoolTaskExecutor [SpringContextShutdownHook] Shutting down ExecutorService 'applicationTaskExecutor'
2020-07-26 20:46:32,394 INFO com.mentor.budget.app.BudgetManagerServiceApplication [main] Starting BudgetManagerServiceApplication on yudhie with PID 15776 (A:\Code\mentor\Budget-Manager-Service\target\classes started by yudhie in A:\Code\mentor\Budget-Manager-Service)
2020-07-26 20:46:32,414 DEBUG com.mentor.budget.app.BudgetManagerServiceApplication [main] Running with Spring Boot v2.2.9.RELEASE, Spring v5.2.8.RELEASE
2020-07-26 20:46:32,416 INFO com.mentor.budget.app.BudgetManagerServiceApplication [main] No active profile set, falling back to default profiles: default
2020-07-26 20:46:37,377 INFO org.springframework.boot.web.embedded.tomcat.TomcatWebServer [main] Tomcat initialized with port(s): 8081 (http)
2020-07-26 20:46:37,408 INFO org.apache.catalina.core.StandardService [main] Starting service [Tomcat]
2020-07-26 20:46:37,409 INFO org.apache.catalina.core.StandardEngine [main] Starting Servlet engine: [Apache Tomcat/9.0.37]
2020-07-26 20:46:37,676 INFO org.apache.catalina.core.ContainerBase.[Tomcat].[localhost].[/] [main] Initializing Spring embedded WebApplicationContext
2020-07-26 20:46:37,677 INFO org.springframework.boot.web.servlet.context.ServletWebServerApplicationContext [main] Root WebApplicationContext: initialization completed in 4839 ms
2020-07-26 20:46:41,643 INFO org.springframework.scheduling.concurrent.ThreadPoolTaskExecutor [main] Initializing ExecutorService 'applicationTaskExecutor'
2020-07-26 20:46:43,943 INFO org.springframework.boot.actuate.endpoint.web.EndpointLinksResolver [main] Exposing 2 endpoint(s) beneath base path '/actuator'
2020-07-26 20:46:44,350 INFO org.springframework.boot.web.embedded.tomcat.TomcatWebServer [main] Tomcat started on port(s): 8081 (http) with context path ''
2020-07-26 20:46:44,374 INFO com.mentor.budget.app.BudgetManagerServiceApplication [main] Started BudgetManagerServiceApplication in 14.17 seconds (JVM running for 18.92)
2020-07-26 20:46:44,873 INFO org.apache.catalina.core.ContainerBase.[Tomcat].[localhost].[/] [http-nio-0.0.0.0-8081-exec-1] Initializing Spring DispatcherServlet 'dispatcherServlet'
2020-07-26 20:46:44,880 INFO org.springframework.web.servlet.DispatcherServlet [http-nio-0.0.0.0-8081-exec-1] Initializing Servlet 'dispatcherServlet'
2020-07-26 20:46:44,973 INFO org.springframework.web.servlet.DispatcherServlet [http-nio-0.0.0.0-8081-exec-1] Completed initialization in 89 ms
2020-07-26 20:46:44,997 INFO com.mentor.budget.app.BudgetManagerServiceApplication [main] BUDGET-MANAGER-SERVICE STARTED
2020-07-26 20:46:46,101 WARN org.springframework.web.servlet.mvc.support.DefaultHandlerExceptionResolver [http-nio-0.0.0.0-8081-exec-1] Resolved [org.springframework.web.bind.MethodArgumentNotValidException: Validation failed for argument [0] in public org.springframework.http.ResponseEntity<com.mentor.budget.model.SpendResponse> com.mentor.budget.controller.SpendController.processSpendRequest(com.mentor.budget.model.SpendRequest) with 2 errors: [Field error in object 'spendRequest' on field 'description': rejected value [null]; codes [NotBlank.spendRequest.description,NotBlank.description,NotBlank.java.lang.String,NotBlank]; arguments [org.springframework.context.support.DefaultMessageSourceResolvable: codes [spendRequest.description,description]; arguments []; default message [description]]; default message [description must not be null]] [Field error in object 'spendRequest' on field 'amount': rejected value [0.0]; codes [DecimalMin.spendRequest.amount,DecimalMin.amount,DecimalMin.java.lang.Float,DecimalMin]; arguments [org.springframework.context.support.DefaultMessageSourceResolvable: codes [spendRequest.amount,amount]; arguments []; default message [amount],true,1.00]; default message [must be greater than or equal to 1.00]] ]
2020-07-26 20:48:26,777 WARN org.springframework.web.servlet.mvc.support.DefaultHandlerExceptionResolver [http-nio-0.0.0.0-8081-exec-3] Resolved [org.springframework.http.converter.HttpMessageNotReadableException: JSON parse error: Cannot deserialize value of type `java.lang.Float` from String "abd": not a valid Float value; nested exception is com.fasterxml.jackson.databind.exc.InvalidFormatException: Cannot deserialize value of type `java.lang.Float` from String "abd": not a valid Float value
 at [Source: (PushbackInputStream); line: 2, column: 17] (through reference chain: com.mentor.budget.model.SpendRequest["teammateId"])]
2020-07-26 20:49:01,388 INFO com.mentor.budget.controller.SpendController [http-nio-0.0.0.0-8081-exec-5] Processing spend request with  :: SpendRequest(teammateId=123.0, amount=730.0, description=buy new laptop)
2020-07-26 20:49:01,396 INFO com.mentor.budget.service.impl.SpendServiceImpl [http-nio-0.0.0.0-8081-exec-5] Processing spend request. Project details :: Project(name=ESG, budget=10000)
2020-07-26 21:06:22,564 INFO org.springframework.scheduling.concurrent.ThreadPoolTaskExecutor [SpringContextShutdownHook] Shutting down ExecutorService 'applicationTaskExecutor'
2020-07-26 21:36:12,144 INFO com.mentor.budget.app.BudgetManagerServiceApplication [main] Starting BudgetManagerServiceApplication on yudhie with PID 22700 (A:\Code\mentor\Budget-Manager-Service\target\classes started by yudhie in A:\Code\mentor\Budget-Manager-Service)
2020-07-26 21:36:12,153 DEBUG com.mentor.budget.app.BudgetManagerServiceApplication [main] Running with Spring Boot v2.2.9.RELEASE, Spring v5.2.8.RELEASE
2020-07-26 21:36:12,157 INFO com.mentor.budget.app.BudgetManagerServiceApplication [main] No active profile set, falling back to default profiles: default
2020-07-26 21:36:20,735 INFO org.springframework.boot.web.embedded.tomcat.TomcatWebServer [main] Tomcat initialized with port(s): 8081 (http)
2020-07-26 21:36:20,812 INFO org.apache.catalina.core.StandardService [main] Starting service [Tomcat]
2020-07-26 21:36:20,814 INFO org.apache.catalina.core.StandardEngine [main] Starting Servlet engine: [Apache Tomcat/9.0.37]
2020-07-26 21:36:21,582 INFO org.apache.catalina.core.ContainerBase.[Tomcat].[localhost].[/] [main] Initializing Spring embedded WebApplicationContext
2020-07-26 21:36:21,583 INFO org.springframework.boot.web.servlet.context.ServletWebServerApplicationContext [main] Root WebApplicationContext: initialization completed in 9077 ms
2020-07-26 21:36:25,287 INFO org.springframework.scheduling.concurrent.ThreadPoolTaskExecutor [main] Initializing ExecutorService 'applicationTaskExecutor'
2020-07-26 21:36:27,702 INFO org.springframework.boot.actuate.endpoint.web.EndpointLinksResolver [main] Exposing 2 endpoint(s) beneath base path '/actuator'
2020-07-26 21:36:28,327 INFO org.springframework.boot.web.embedded.tomcat.TomcatWebServer [main] Tomcat started on port(s): 8081 (http) with context path ''
2020-07-26 21:36:28,341 INFO com.mentor.budget.app.BudgetManagerServiceApplication [main] Started BudgetManagerServiceApplication in 19.213 seconds (JVM running for 25.489)
2020-07-26 21:36:29,239 INFO com.mentor.budget.app.BudgetManagerServiceApplication [main] BUDGET-MANAGER-SERVICE STARTED
2020-07-26 21:36:45,564 INFO org.apache.catalina.core.ContainerBase.[Tomcat].[localhost].[/] [http-nio-0.0.0.0-8081-exec-1] Initializing Spring DispatcherServlet 'dispatcherServlet'
2020-07-26 21:36:45,566 INFO org.springframework.web.servlet.DispatcherServlet [http-nio-0.0.0.0-8081-exec-1] Initializing Servlet 'dispatcherServlet'
2020-07-26 21:36:45,590 INFO org.springframework.web.servlet.DispatcherServlet [http-nio-0.0.0.0-8081-exec-1] Completed initialization in 22 ms
2020-07-26 21:36:51,746 INFO com.mentor.budget.controller.SpendController [http-nio-0.0.0.0-8081-exec-1] Processing spend request with  :: SpendRequest(teammateId=111111.0, amount=730.0, description=buy new laptop)
2020-07-26 21:36:51,752 INFO com.mentor.budget.service.impl.SpendServiceImpl [http-nio-0.0.0.0-8081-exec-1] Processing spend request. Project details :: Project(name=ESG, budget=10000.0)
2020-07-26 21:37:39,949 INFO com.mentor.budget.service.impl.SpendServiceImpl [http-nio-0.0.0.0-8081-exec-1] Spend request approved. Updated budget :: Project(name=ESG, budget=9270.0)
2020-07-26 21:37:54,980 INFO com.mentor.budget.controller.SpendController [http-nio-0.0.0.0-8081-exec-3] Processing spend request with  :: SpendRequest(teammateId=111111.0, amount=1111111.0, description=buy new laptop)
2020-07-26 21:37:54,984 INFO com.mentor.budget.service.impl.SpendServiceImpl [http-nio-0.0.0.0-8081-exec-3] Processing spend request. Project details :: Project(name=ESG, budget=9270.0)
2020-07-26 21:46:46,107 INFO org.springframework.scheduling.concurrent.ThreadPoolTaskExecutor [SpringContextShutdownHook] Shutting down ExecutorService 'applicationTaskExecutor'
2020-07-26 21:47:08,520 INFO com.mentor.budget.app.BudgetManagerServiceApplication [main] Starting BudgetManagerServiceApplication on yudhie with PID 23808 (A:\Code\mentor\Budget-Manager-Service\target\classes started by yudhie in A:\Code\mentor\Budget-Manager-Service)
2020-07-26 21:47:08,526 DEBUG com.mentor.budget.app.BudgetManagerServiceApplication [main] Running with Spring Boot v2.2.9.RELEASE, Spring v5.2.8.RELEASE
2020-07-26 21:47:08,527 INFO com.mentor.budget.app.BudgetManagerServiceApplication [main] No active profile set, falling back to default profiles: default
2020-07-26 21:47:13,029 INFO org.springframework.boot.web.embedded.tomcat.TomcatWebServer [main] Tomcat initialized with port(s): 8081 (http)
2020-07-26 21:47:13,054 INFO org.apache.catalina.core.StandardService [main] Starting service [Tomcat]
2020-07-26 21:47:13,055 INFO org.apache.catalina.core.StandardEngine [main] Starting Servlet engine: [Apache Tomcat/9.0.37]
2020-07-26 21:47:13,286 INFO org.apache.catalina.core.ContainerBase.[Tomcat].[localhost].[/] [main] Initializing Spring embedded WebApplicationContext
2020-07-26 21:47:13,287 INFO org.springframework.boot.web.servlet.context.ServletWebServerApplicationContext [main] Root WebApplicationContext: initialization completed in 4561 ms
2020-07-26 21:47:14,015 INFO org.springframework.scheduling.concurrent.ThreadPoolTaskExecutor [main] Initializing ExecutorService 'applicationTaskExecutor'
2020-07-26 21:47:14,549 INFO org.springframework.boot.actuate.endpoint.web.EndpointLinksResolver [main] Exposing 2 endpoint(s) beneath base path '/actuator'
2020-07-26 21:47:14,689 INFO org.springframework.boot.web.embedded.tomcat.TomcatWebServer [main] Tomcat started on port(s): 8081 (http) with context path ''
2020-07-26 21:47:14,702 INFO com.mentor.budget.app.BudgetManagerServiceApplication [main] Started BudgetManagerServiceApplication in 7.593 seconds (JVM running for 9.299)
2020-07-26 21:47:14,863 INFO com.mentor.budget.app.BudgetManagerServiceApplication [main] BUDGET-MANAGER-SERVICE STARTED
2020-07-26 21:47:51,945 INFO org.apache.catalina.core.ContainerBase.[Tomcat].[localhost].[/] [http-nio-0.0.0.0-8081-exec-2] Initializing Spring DispatcherServlet 'dispatcherServlet'
2020-07-26 21:47:51,948 INFO org.springframework.web.servlet.DispatcherServlet [http-nio-0.0.0.0-8081-exec-2] Initializing Servlet 'dispatcherServlet'
2020-07-26 21:47:51,970 INFO org.springframework.web.servlet.DispatcherServlet [http-nio-0.0.0.0-8081-exec-2] Completed initialization in 22 ms
2020-07-26 21:48:16,877 INFO org.springframework.scheduling.concurrent.ThreadPoolTaskExecutor [SpringContextShutdownHook] Shutting down ExecutorService 'applicationTaskExecutor'
2020-07-26 21:48:46,992 INFO com.mentor.budget.app.BudgetManagerServiceApplication [main] Starting BudgetManagerServiceApplication on yudhie with PID 8496 (A:\Code\mentor\Budget-Manager-Service\target\classes started by yudhie in A:\Code\mentor\Budget-Manager-Service)
2020-07-26 21:48:47,002 DEBUG com.mentor.budget.app.BudgetManagerServiceApplication [main] Running with Spring Boot v2.2.9.RELEASE, Spring v5.2.8.RELEASE
2020-07-26 21:48:47,002 INFO com.mentor.budget.app.BudgetManagerServiceApplication [main] No active profile set, falling back to default profiles: default
2020-07-26 21:48:51,817 INFO org.springframework.boot.web.embedded.tomcat.TomcatWebServer [main] Tomcat initialized with port(s): 8081 (http)
2020-07-26 21:48:51,872 INFO org.apache.catalina.core.StandardService [main] Starting service [Tomcat]
2020-07-26 21:48:51,873 INFO org.apache.catalina.core.StandardEngine [main] Starting Servlet engine: [Apache Tomcat/9.0.37]
2020-07-26 21:48:52,137 INFO org.apache.catalina.core.ContainerBase.[Tomcat].[localhost].[/] [main] Initializing Spring embedded WebApplicationContext
2020-07-26 21:48:52,137 INFO org.springframework.boot.web.servlet.context.ServletWebServerApplicationContext [main] Root WebApplicationContext: initialization completed in 4976 ms
2020-07-26 21:48:53,269 INFO org.springframework.scheduling.concurrent.ThreadPoolTaskExecutor [main] Initializing ExecutorService 'applicationTaskExecutor'
2020-07-26 21:48:54,207 INFO org.springframework.boot.actuate.endpoint.web.EndpointLinksResolver [main] Exposing 2 endpoint(s) beneath base path '/actuator'
2020-07-26 21:48:54,501 INFO org.springframework.boot.web.embedded.tomcat.TomcatWebServer [main] Tomcat started on port(s): 8081 (http) with context path ''
2020-07-26 21:48:54,516 INFO com.mentor.budget.app.BudgetManagerServiceApplication [main] Started BudgetManagerServiceApplication in 9.118 seconds (JVM running for 13.404)
2020-07-26 21:48:54,763 INFO com.mentor.budget.app.BudgetManagerServiceApplication [main] BUDGET-MANAGER-SERVICE STARTED
2020-07-26 21:49:17,694 INFO org.apache.catalina.core.ContainerBase.[Tomcat].[localhost].[/] [http-nio-0.0.0.0-8081-exec-2] Initializing Spring DispatcherServlet 'dispatcherServlet'
2020-07-26 21:49:17,701 INFO org.springframework.web.servlet.DispatcherServlet [http-nio-0.0.0.0-8081-exec-2] Initializing Servlet 'dispatcherServlet'
2020-07-26 21:49:17,754 INFO org.springframework.web.servlet.DispatcherServlet [http-nio-0.0.0.0-8081-exec-2] Completed initialization in 51 ms
2020-07-26 21:57:00,290 INFO org.springframework.scheduling.concurrent.ThreadPoolTaskExecutor [SpringContextShutdownHook] Shutting down ExecutorService 'applicationTaskExecutor'
2020-07-26 21:57:25,408 INFO com.mentor.budget.app.BudgetManagerServiceApplication [main] Starting BudgetManagerServiceApplication on yudhie with PID 17720 (A:\Code\mentor\Budget-Manager-Service\target\classes started by yudhie in A:\Code\mentor\Budget-Manager-Service)
2020-07-26 21:57:25,437 DEBUG com.mentor.budget.app.BudgetManagerServiceApplication [main] Running with Spring Boot v2.2.9.RELEASE, Spring v5.2.8.RELEASE
2020-07-26 21:57:25,446 INFO com.mentor.budget.app.BudgetManagerServiceApplication [main] No active profile set, falling back to default profiles: default
2020-07-26 21:57:29,564 INFO org.springframework.boot.web.embedded.tomcat.TomcatWebServer [main] Tomcat initialized with port(s): 8081 (http)
2020-07-26 21:57:29,593 INFO org.apache.catalina.core.StandardService [main] Starting service [Tomcat]
2020-07-26 21:57:29,593 INFO org.apache.catalina.core.StandardEngine [main] Starting Servlet engine: [Apache Tomcat/9.0.37]
2020-07-26 21:57:29,818 INFO org.apache.catalina.core.ContainerBase.[Tomcat].[localhost].[/] [main] Initializing Spring embedded WebApplicationContext
2020-07-26 21:57:29,819 INFO org.springframework.boot.web.servlet.context.ServletWebServerApplicationContext [main] Root WebApplicationContext: initialization completed in 4137 ms
2020-07-26 21:57:30,561 INFO org.springframework.scheduling.concurrent.ThreadPoolTaskExecutor [main] Initializing ExecutorService 'applicationTaskExecutor'
2020-07-26 21:57:31,060 INFO org.springframework.boot.actuate.endpoint.web.EndpointLinksResolver [main] Exposing 2 endpoint(s) beneath base path '/actuator'
2020-07-26 21:57:31,196 INFO org.springframework.boot.web.embedded.tomcat.TomcatWebServer [main] Tomcat started on port(s): 8081 (http) with context path ''
2020-07-26 21:57:31,207 INFO com.mentor.budget.app.BudgetManagerServiceApplication [main] Started BudgetManagerServiceApplication in 7.122 seconds (JVM running for 9.24)
2020-07-26 21:57:31,346 INFO com.mentor.budget.app.BudgetManagerServiceApplication [main] BUDGET-MANAGER-SERVICE STARTED
2020-07-26 21:57:36,711 INFO org.apache.catalina.core.ContainerBase.[Tomcat].[localhost].[/] [http-nio-0.0.0.0-8081-exec-2] Initializing Spring DispatcherServlet 'dispatcherServlet'
2020-07-26 21:57:36,713 INFO org.springframework.web.servlet.DispatcherServlet [http-nio-0.0.0.0-8081-exec-2] Initializing Servlet 'dispatcherServlet'
2020-07-26 21:57:36,735 INFO org.springframework.web.servlet.DispatcherServlet [http-nio-0.0.0.0-8081-exec-2] Completed initialization in 21 ms
2020-07-26 21:57:37,436 ERROR com.mentor.budget.exception.BudgetRestExceptionHandler [http-nio-0.0.0.0-8081-exec-2] Invalid input parameters :: org.springframework.web.bind.MethodArgumentNotValidException: Validation failed for argument [0] in public org.springframework.http.ResponseEntity<com.mentor.budget.model.SpendResponse> com.mentor.budget.controller.SpendController.processSpendRequest(com.mentor.budget.model.SpendRequest) with 2 errors: [Field error in object 'spendRequest' on field 'amount': rejected value [null]; codes [NotNull.spendRequest.amount,NotNull.amount,NotNull.java.lang.Float,NotNull]; arguments [org.springframework.context.support.DefaultMessageSourceResolvable: codes [spendRequest.amount,amount]; arguments []; default message [amount]]; default message [amount must not be null]] [Field error in object 'spendRequest' on field 'teammateId': rejected value [null]; codes [NotNull.spendRequest.teammateId,NotNull.teammateId,NotNull.java.lang.Float,NotNull]; arguments [org.springframework.context.support.DefaultMessageSourceResolvable: codes [spendRequest.teammateId,teammateId]; arguments []; default message [teammateId]]; default message [teammateId must not be null]] 
2020-07-26 22:16:49,327 INFO org.springframework.scheduling.concurrent.ThreadPoolTaskExecutor [SpringContextShutdownHook] Shutting down ExecutorService 'applicationTaskExecutor'
2020-07-26 22:17:10,112 INFO com.mentor.budget.app.BudgetManagerServiceApplication [main] Starting BudgetManagerServiceApplication on yudhie with PID 7260 (A:\Code\mentor\Budget-Manager-Service\target\classes started by yudhie in A:\Code\mentor\Budget-Manager-Service)
2020-07-26 22:17:10,160 DEBUG com.mentor.budget.app.BudgetManagerServiceApplication [main] Running with Spring Boot v2.2.9.RELEASE, Spring v5.2.8.RELEASE
2020-07-26 22:17:10,161 INFO com.mentor.budget.app.BudgetManagerServiceApplication [main] No active profile set, falling back to default profiles: default
2020-07-26 22:17:15,391 INFO org.springframework.boot.web.embedded.tomcat.TomcatWebServer [main] Tomcat initialized with port(s): 8081 (http)
2020-07-26 22:17:15,415 INFO org.apache.catalina.core.StandardService [main] Starting service [Tomcat]
2020-07-26 22:17:15,416 INFO org.apache.catalina.core.StandardEngine [main] Starting Servlet engine: [Apache Tomcat/9.0.37]
2020-07-26 22:17:15,608 INFO org.apache.catalina.core.ContainerBase.[Tomcat].[localhost].[/] [main] Initializing Spring embedded WebApplicationContext
2020-07-26 22:17:15,608 INFO org.springframework.boot.web.servlet.context.ServletWebServerApplicationContext [main] Root WebApplicationContext: initialization completed in 5247 ms
2020-07-26 22:17:16,368 INFO org.springframework.scheduling.concurrent.ThreadPoolTaskExecutor [main] Initializing ExecutorService 'applicationTaskExecutor'
2020-07-26 22:17:17,016 INFO org.springframework.boot.actuate.endpoint.web.EndpointLinksResolver [main] Exposing 2 endpoint(s) beneath base path '/actuator'
2020-07-26 22:17:17,208 INFO org.springframework.boot.web.embedded.tomcat.TomcatWebServer [main] Tomcat started on port(s): 8081 (http) with context path ''
2020-07-26 22:17:17,219 INFO com.mentor.budget.app.BudgetManagerServiceApplication [main] Started BudgetManagerServiceApplication in 8.675 seconds (JVM running for 10.589)
2020-07-26 22:17:17,532 INFO com.mentor.budget.app.BudgetManagerServiceApplication [main] BUDGET-MANAGER-SERVICE STARTED
2020-07-26 22:17:23,959 INFO org.apache.catalina.core.ContainerBase.[Tomcat].[localhost].[/] [http-nio-0.0.0.0-8081-exec-2] Initializing Spring DispatcherServlet 'dispatcherServlet'
2020-07-26 22:17:23,962 INFO org.springframework.web.servlet.DispatcherServlet [http-nio-0.0.0.0-8081-exec-2] Initializing Servlet 'dispatcherServlet'
2020-07-26 22:17:23,993 INFO org.springframework.web.servlet.DispatcherServlet [http-nio-0.0.0.0-8081-exec-2] Completed initialization in 30 ms
2020-07-26 22:17:24,417 ERROR com.mentor.budget.exception.BudgetRestExceptionHandler [http-nio-0.0.0.0-8081-exec-2] Error in Budget API execution :: java.lang.NullPointerException
2020-07-26 22:20:02,855 INFO com.mentor.budget.controller.SpendController [http-nio-0.0.0.0-8081-exec-4] Processing spend request with  :: SpendRequest(teammateId=123.0, amount=730.0, description=buy new laptop)
2020-07-26 22:20:04,975 INFO com.mentor.budget.service.impl.SpendServiceImpl [http-nio-0.0.0.0-8081-exec-4] Processing spend request. Project details :: Project(name=ESG, budget=10000.0)
2020-07-26 22:20:05,596 INFO com.mentor.budget.service.impl.SpendServiceImpl [http-nio-0.0.0.0-8081-exec-4] Spend request approved. Updated budget :: Project(name=ESG, budget=9270.0)
2020-07-26 22:21:39,593 INFO org.springframework.scheduling.concurrent.ThreadPoolTaskExecutor [SpringContextShutdownHook] Shutting down ExecutorService 'applicationTaskExecutor'
